Analysis & Synthesis report for DE1_SoC
Sat Apr 24 15:19:26 2021
Quartus Prime Version 17.0.0 Build 595 04/25/2017 SJ Lite Edition


---------------------
; Table of Contents ;
---------------------
  1. Legal Notice
  2. Analysis & Synthesis Summary
  3. Analysis & Synthesis Settings
  4. Parallel Compilation
  5. Analysis & Synthesis Source Files Read
  6. Analysis & Synthesis Resource Usage Summary
  7. Analysis & Synthesis Resource Utilization by Entity
  8. Registers Removed During Synthesis
  9. General Register Statistics
 10. Multiplexer Restructuring Statistics (Restructuring Performed)
 11. Parameter Settings for Inferred Entity Instance: display:dis|lpm_divide:Mod0
 12. Parameter Settings for Inferred Entity Instance: display:dis|lpm_divide:Div0
 13. Post-Synthesis Netlist Statistics for Top Partition
 14. Elapsed Time Per Partition
 15. Analysis & Synthesis Messages



----------------
; Legal Notice ;
----------------
Copyright (C) 2017  Intel Corporation. All rights reserved.
Your use of Intel Corporation's design tools, logic functions 
and other software and tools, and its AMPP partner logic 
functions, and any output files from any of the foregoing 
(including device programming or simulation files), and any 
associated documentation or information are expressly subject 
to the terms and conditions of the Intel Program License 
Subscription Agreement, the Intel Quartus Prime License Agreement,
the Intel MegaCore Function License Agreement, or other 
applicable license agreement, including, without limitation, 
that your use is for the sole purpose of programming logic 
devices manufactured by Intel and sold by Intel or its 
authorized distributors.  Please refer to the applicable 
agreement for further details.



+-------------------------------------------------------------------------------+
; Analysis & Synthesis Summary                                                  ;
+---------------------------------+---------------------------------------------+
; Analysis & Synthesis Status     ; Successful - Sat Apr 24 15:19:26 2021       ;
; Quartus Prime Version           ; 17.0.0 Build 595 04/25/2017 SJ Lite Edition ;
; Revision Name                   ; DE1_SoC                                     ;
; Top-level Entity Name           ; DE1_SoC                                     ;
; Family                          ; Cyclone V                                   ;
; Logic utilization (in ALMs)     ; N/A                                         ;
; Total registers                 ; 8                                           ;
; Total pins                      ; 77                                          ;
; Total virtual pins              ; 0                                           ;
; Total block memory bits         ; 0                                           ;
; Total DSP Blocks                ; 0                                           ;
; Total HSSI RX PCSs              ; 0                                           ;
; Total HSSI PMA RX Deserializers ; 0                                           ;
; Total HSSI TX PCSs              ; 0                                           ;
; Total HSSI PMA TX Serializers   ; 0                                           ;
; Total PLLs                      ; 0                                           ;
; Total DLLs                      ; 0                                           ;
+---------------------------------+---------------------------------------------+


+---------------------------------------------------------------------------------------------------------------------------+
; Analysis & Synthesis Settings                                                                                             ;
+---------------------------------------------------------------------------------+--------------------+--------------------+
; Option                                                                          ; Setting            ; Default Value      ;
+---------------------------------------------------------------------------------+--------------------+--------------------+
; Device                                                                          ; 5CGXFC7C7F23C8     ;                    ;
; Top-level entity name                                                           ; DE1_SoC            ; DE1_SoC            ;
; Family name                                                                     ; Cyclone V          ; Cyclone V          ;
; Use smart compilation                                                           ; Off                ; Off                ;
; Enable parallel Assembler and TimeQuest Timing Analyzer during compilation      ; On                 ; On                 ;
; Enable compact report table                                                     ; Off                ; Off                ;
; Restructure Multiplexers                                                        ; Auto               ; Auto               ;
; MLAB Add Timing Constraints For Mixed-Port Feed-Through Mode Setting Don't Care ; Off                ; Off                ;
; Create Debugging Nodes for IP Cores                                             ; Off                ; Off                ;
; Preserve fewer node names                                                       ; On                 ; On                 ;
; OpenCore Plus hardware evaluation                                               ; Enable             ; Enable             ;
; Verilog Version                                                                 ; Verilog_2001       ; Verilog_2001       ;
; VHDL Version                                                                    ; VHDL_1993          ; VHDL_1993          ;
; State Machine Processing                                                        ; Auto               ; Auto               ;
; Safe State Machine                                                              ; Off                ; Off                ;
; Extract Verilog State Machines                                                  ; On                 ; On                 ;
; Extract VHDL State Machines                                                     ; On                 ; On                 ;
; Ignore Verilog initial constructs                                               ; Off                ; Off                ;
; Iteration limit for constant Verilog loops                                      ; 5000               ; 5000               ;
; Iteration limit for non-constant Verilog loops                                  ; 250                ; 250                ;
; Add Pass-Through Logic to Inferred RAMs                                         ; On                 ; On                 ;
; Infer RAMs from Raw Logic                                                       ; On                 ; On                 ;
; Parallel Synthesis                                                              ; On                 ; On                 ;
; DSP Block Balancing                                                             ; Auto               ; Auto               ;
; NOT Gate Push-Back                                                              ; On                 ; On                 ;
; Power-Up Don't Care                                                             ; On                 ; On                 ;
; Remove Redundant Logic Cells                                                    ; Off                ; Off                ;
; Remove Duplicate Registers                                                      ; On                 ; On                 ;
; Ignore CARRY Buffers                                                            ; Off                ; Off                ;
; Ignore CASCADE Buffers                                                          ; Off                ; Off                ;
; Ignore GLOBAL Buffers                                                           ; Off                ; Off                ;
; Ignore ROW GLOBAL Buffers                                                       ; Off                ; Off                ;
; Ignore LCELL Buffers                                                            ; Off                ; Off                ;
; Ignore SOFT Buffers                                                             ; On                 ; On                 ;
; Limit AHDL Integers to 32 Bits                                                  ; Off                ; Off                ;
; Optimization Technique                                                          ; Balanced           ; Balanced           ;
; Carry Chain Length                                                              ; 70                 ; 70                 ;
; Auto Carry Chains                                                               ; On                 ; On                 ;
; Auto Open-Drain Pins                                                            ; On                 ; On                 ;
; Perform WYSIWYG Primitive Resynthesis                                           ; Off                ; Off                ;
; Auto ROM Replacement                                                            ; On                 ; On                 ;
; Auto RAM Replacement                                                            ; On                 ; On                 ;
; Auto DSP Block Replacement                                                      ; On                 ; On                 ;
; Auto Shift Register Replacement                                                 ; Auto               ; Auto               ;
; Allow Shift Register Merging across Hierarchies                                 ; Auto               ; Auto               ;
; Auto Clock Enable Replacement                                                   ; On                 ; On                 ;
; Strict RAM Replacement                                                          ; Off                ; Off                ;
; Allow Synchronous Control Signals                                               ; On                 ; On                 ;
; Force Use of Synchronous Clear Signals                                          ; Off                ; Off                ;
; Auto Resource Sharing                                                           ; Off                ; Off                ;
; Allow Any RAM Size For Recognition                                              ; Off                ; Off                ;
; Allow Any ROM Size For Recognition                                              ; Off                ; Off                ;
; Allow Any Shift Register Size For Recognition                                   ; Off                ; Off                ;
; Use LogicLock Constraints during Resource Balancing                             ; On                 ; On                 ;
; Ignore translate_off and synthesis_off directives                               ; Off                ; Off                ;
; Timing-Driven Synthesis                                                         ; On                 ; On                 ;
; Report Parameter Settings                                                       ; On                 ; On                 ;
; Report Source Assignments                                                       ; On                 ; On                 ;
; Report Connectivity Checks                                                      ; On                 ; On                 ;
; Ignore Maximum Fan-Out Assignments                                              ; Off                ; Off                ;
; Synchronization Register Chain Length                                           ; 3                  ; 3                  ;
; PowerPlay Power Optimization During Synthesis                                   ; Normal compilation ; Normal compilation ;
; HDL message level                                                               ; Level2             ; Level2             ;
; Suppress Register Optimization Related Messages                                 ; Off                ; Off                ;
; Number of Removed Registers Reported in Synthesis Report                        ; 5000               ; 5000               ;
; Number of Swept Nodes Reported in Synthesis Report                              ; 5000               ; 5000               ;
; Number of Inverted Registers Reported in Synthesis Report                       ; 100                ; 100                ;
; Clock MUX Protection                                                            ; On                 ; On                 ;
; Auto Gated Clock Conversion                                                     ; Off                ; Off                ;
; Block Design Naming                                                             ; Auto               ; Auto               ;
; SDC constraint protection                                                       ; Off                ; Off                ;
; Synthesis Effort                                                                ; Auto               ; Auto               ;
; Shift Register Replacement - Allow Asynchronous Clear Signal                    ; On                 ; On                 ;
; Pre-Mapping Resynthesis Optimization                                            ; Off                ; Off                ;
; Analysis & Synthesis Message Level                                              ; Medium             ; Medium             ;
; Disable Register Merging Across Hierarchies                                     ; Auto               ; Auto               ;
; Resource Aware Inference For Block RAM                                          ; On                 ; On                 ;
; Automatic Parallel Synthesis                                                    ; On                 ; On                 ;
; Partial Reconfiguration Bitstream ID                                            ; Off                ; Off                ;
+---------------------------------------------------------------------------------+--------------------+--------------------+


+------------------------------------------+
; Parallel Compilation                     ;
+----------------------------+-------------+
; Processors                 ; Number      ;
+----------------------------+-------------+
; Number detected on machine ; 8           ;
; Maximum allowed            ; 4           ;
;                            ;             ;
; Average used               ; 1.00        ;
; Maximum used               ; 4           ;
;                            ;             ;
; Usage by Processor         ; % Time Used ;
;     Processor 1            ; 100.0%      ;
;     Processors 2-4         ;   0.0%      ;
+----------------------------+-------------+


+--------------------------------------------------------------------------------------------------------------------------------------------------------------------------+
; Analysis & Synthesis Source Files Read                                                                                                                                   ;
+----------------------------------+-----------------+------------------------------+----------------------------------------------------------------------------+---------+
; File Name with User-Entered Path ; Used in Netlist ; File Type                    ; File Name with Absolute Path                                               ; Library ;
+----------------------------------+-----------------+------------------------------+----------------------------------------------------------------------------+---------+
; FSM.sv                           ; yes             ; User SystemVerilog HDL File  ; C:/EE 371 hwga/lab1/FSM.sv                                                 ;         ;
; display.sv                       ; yes             ; User SystemVerilog HDL File  ; C:/EE 371 hwga/lab1/display.sv                                             ;         ;
; DE1_SoC.sv                       ; yes             ; User SystemVerilog HDL File  ; C:/EE 371 hwga/lab1/DE1_SoC.sv                                             ;         ;
; counter.sv                       ; yes             ; User SystemVerilog HDL File  ; C:/EE 371 hwga/lab1/counter.sv                                             ;         ;
; lpm_divide.tdf                   ; yes             ; Megafunction                 ; c:/intelfpga_lite/17.0/quartus/libraries/megafunctions/lpm_divide.tdf      ;         ;
; abs_divider.inc                  ; yes             ; Megafunction                 ; c:/intelfpga_lite/17.0/quartus/libraries/megafunctions/abs_divider.inc     ;         ;
; sign_div_unsign.inc              ; yes             ; Megafunction                 ; c:/intelfpga_lite/17.0/quartus/libraries/megafunctions/sign_div_unsign.inc ;         ;
; aglobal170.inc                   ; yes             ; Megafunction                 ; c:/intelfpga_lite/17.0/quartus/libraries/megafunctions/aglobal170.inc      ;         ;
; db/lpm_divide_52m.tdf            ; yes             ; Auto-Generated Megafunction  ; C:/EE 371 hwga/lab1/db/lpm_divide_52m.tdf                                  ;         ;
; db/sign_div_unsign_8kh.tdf       ; yes             ; Auto-Generated Megafunction  ; C:/EE 371 hwga/lab1/db/sign_div_unsign_8kh.tdf                             ;         ;
; db/alt_u_div_mse.tdf             ; yes             ; Auto-Generated Megafunction  ; C:/EE 371 hwga/lab1/db/alt_u_div_mse.tdf                                   ;         ;
; db/lpm_divide_2am.tdf            ; yes             ; Auto-Generated Megafunction  ; C:/EE 371 hwga/lab1/db/lpm_divide_2am.tdf                                  ;         ;
+----------------------------------+-----------------+------------------------------+----------------------------------------------------------------------------+---------+


+--------------------------------------------------------------------+
; Analysis & Synthesis Resource Usage Summary                        ;
+---------------------------------------------+----------------------+
; Resource                                    ; Usage                ;
+---------------------------------------------+----------------------+
; Estimate of Logic utilization (ALMs needed) ; 40                   ;
;                                             ;                      ;
; Combinational ALUT usage for logic          ; 69                   ;
;     -- 7 input functions                    ; 0                    ;
;     -- 6 input functions                    ; 10                   ;
;     -- 5 input functions                    ; 5                    ;
;     -- 4 input functions                    ; 10                   ;
;     -- <=3 input functions                  ; 44                   ;
;                                             ;                      ;
; Dedicated logic registers                   ; 8                    ;
;                                             ;                      ;
; I/O pins                                    ; 77                   ;
;                                             ;                      ;
; Total DSP Blocks                            ; 0                    ;
;                                             ;                      ;
; Maximum fan-out node                        ; display:dis|Equal2~0 ;
; Maximum fan-out                             ; 14                   ;
; Total fan-out                               ; 389                  ;
; Average fan-out                             ; 1.47                 ;
+---------------------------------------------+----------------------+


+----------------------------------------------------------------------------------------------------------------------------------------------------------------------------------------------------------------------------------------------------------------------------------------------------------------+
; Analysis & Synthesis Resource Utilization by Entity                                                                                                                                                                                                                                                            ;
+-------------------------------------------+---------------------+---------------------------+-------------------+------------+------+--------------+----------------------------------------------------------------------------------------------------------------------+---------------------+--------------+
; Compilation Hierarchy Node                ; Combinational ALUTs ; Dedicated Logic Registers ; Block Memory Bits ; DSP Blocks ; Pins ; Virtual Pins ; Full Hierarchy Name                                                                                                  ; Entity Name         ; Library Name ;
+-------------------------------------------+---------------------+---------------------------+-------------------+------------+------+--------------+----------------------------------------------------------------------------------------------------------------------+---------------------+--------------+
; |DE1_SoC                                  ; 69 (0)              ; 8 (0)                     ; 0                 ; 0          ; 77   ; 0            ; |DE1_SoC                                                                                                             ; DE1_SoC             ; work         ;
;    |FSM:fs|                               ; 5 (5)               ; 3 (3)                     ; 0                 ; 0          ; 0    ; 0            ; |DE1_SoC|FSM:fs                                                                                                      ; FSM                 ; work         ;
;    |counter:co|                           ; 13 (13)             ; 5 (5)                     ; 0                 ; 0          ; 0    ; 0            ; |DE1_SoC|counter:co                                                                                                  ; counter             ; work         ;
;    |display:dis|                          ; 51 (15)             ; 0 (0)                     ; 0                 ; 0          ; 0    ; 0            ; |DE1_SoC|display:dis                                                                                                 ; display             ; work         ;
;       |lpm_divide:Div0|                   ; 16 (0)              ; 0 (0)                     ; 0                 ; 0          ; 0    ; 0            ; |DE1_SoC|display:dis|lpm_divide:Div0                                                                                 ; lpm_divide          ; work         ;
;          |lpm_divide_2am:auto_generated|  ; 16 (0)              ; 0 (0)                     ; 0                 ; 0          ; 0    ; 0            ; |DE1_SoC|display:dis|lpm_divide:Div0|lpm_divide_2am:auto_generated                                                   ; lpm_divide_2am      ; work         ;
;             |sign_div_unsign_8kh:divider| ; 16 (0)              ; 0 (0)                     ; 0                 ; 0          ; 0    ; 0            ; |DE1_SoC|display:dis|lpm_divide:Div0|lpm_divide_2am:auto_generated|sign_div_unsign_8kh:divider                       ; sign_div_unsign_8kh ; work         ;
;                |alt_u_div_mse:divider|    ; 16 (16)             ; 0 (0)                     ; 0                 ; 0          ; 0    ; 0            ; |DE1_SoC|display:dis|lpm_divide:Div0|lpm_divide_2am:auto_generated|sign_div_unsign_8kh:divider|alt_u_div_mse:divider ; alt_u_div_mse       ; work         ;
;       |lpm_divide:Mod0|                   ; 20 (0)              ; 0 (0)                     ; 0                 ; 0          ; 0    ; 0            ; |DE1_SoC|display:dis|lpm_divide:Mod0                                                                                 ; lpm_divide          ; work         ;
;          |lpm_divide_52m:auto_generated|  ; 20 (0)              ; 0 (0)                     ; 0                 ; 0          ; 0    ; 0            ; |DE1_SoC|display:dis|lpm_divide:Mod0|lpm_divide_52m:auto_generated                                                   ; lpm_divide_52m      ; work         ;
;             |sign_div_unsign_8kh:divider| ; 20 (0)              ; 0 (0)                     ; 0                 ; 0          ; 0    ; 0            ; |DE1_SoC|display:dis|lpm_divide:Mod0|lpm_divide_52m:auto_generated|sign_div_unsign_8kh:divider                       ; sign_div_unsign_8kh ; work         ;
;                |alt_u_div_mse:divider|    ; 20 (20)             ; 0 (0)                     ; 0                 ; 0          ; 0    ; 0            ; |DE1_SoC|display:dis|lpm_divide:Mod0|lpm_divide_52m:auto_generated|sign_div_unsign_8kh:divider|alt_u_div_mse:divider ; alt_u_div_mse       ; work         ;
+-------------------------------------------+---------------------+---------------------------+-------------------+------------+------+--------------+----------------------------------------------------------------------------------------------------------------------+---------------------+--------------+
Note: For table entries with two numbers listed, the numbers in parentheses indicate the number of resources of the given type used by the specific entity alone. The numbers listed outside of parentheses indicate the total resources of the given type used by the specific entity and all of its sub-entities in the hierarchy.


+---------------------------------------------------------------------------------+
; Registers Removed During Synthesis                                              ;
+----------------------------------------+----------------------------------------+
; Register name                          ; Reason for Removal                     ;
+----------------------------------------+----------------------------------------+
; FSM:fs|ps[3..31]                       ; Stuck at GND due to stuck port data_in ;
; Total Number of Removed Registers = 29 ;                                        ;
+----------------------------------------+----------------------------------------+


+------------------------------------------------------+
; General Register Statistics                          ;
+----------------------------------------------+-------+
; Statistic                                    ; Value ;
+----------------------------------------------+-------+
; Total registers                              ; 8     ;
; Number of registers using Synchronous Clear  ; 0     ;
; Number of registers using Synchronous Load   ; 0     ;
; Number of registers using Asynchronous Clear ; 0     ;
; Number of registers using Asynchronous Load  ; 0     ;
; Number of registers using Clock Enable       ; 3     ;
; Number of registers using Preset             ; 0     ;
+----------------------------------------------+-------+


+------------------------------------------------------------------------------------------------------------------------------------------+
; Multiplexer Restructuring Statistics (Restructuring Performed)                                                                           ;
+--------------------+-----------+---------------+----------------------+------------------------+------------+----------------------------+
; Multiplexer Inputs ; Bus Width ; Baseline Area ; Area if Restructured ; Saving if Restructured ; Registered ; Example Multiplexer Output ;
+--------------------+-----------+---------------+----------------------+------------------------+------------+----------------------------+
; 3:1                ; 5 bits    ; 10 LEs        ; 5 LEs                ; 5 LEs                  ; Yes        ; |DE1_SoC|counter:co|num[4] ;
+--------------------+-----------+---------------+----------------------+------------------------+------------+----------------------------+


+------------------------------------------------------------------------------+
; Parameter Settings for Inferred Entity Instance: display:dis|lpm_divide:Mod0 ;
+------------------------+----------------+------------------------------------+
; Parameter Name         ; Value          ; Type                               ;
+------------------------+----------------+------------------------------------+
; LPM_WIDTHN             ; 5              ; Untyped                            ;
; LPM_WIDTHD             ; 4              ; Untyped                            ;
; LPM_NREPRESENTATION    ; UNSIGNED       ; Untyped                            ;
; LPM_DREPRESENTATION    ; UNSIGNED       ; Untyped                            ;
; LPM_PIPELINE           ; 0              ; Untyped                            ;
; LPM_REMAINDERPOSITIVE  ; TRUE           ; Untyped                            ;
; MAXIMIZE_SPEED         ; 5              ; Untyped                            ;
; CBXI_PARAMETER         ; lpm_divide_52m ; Untyped                            ;
; CARRY_CHAIN            ; MANUAL         ; Untyped                            ;
; OPTIMIZE_FOR_SPEED     ; 5              ; Untyped                            ;
; AUTO_CARRY_CHAINS      ; ON             ; AUTO_CARRY                         ;
; IGNORE_CARRY_BUFFERS   ; OFF            ; IGNORE_CARRY                       ;
; AUTO_CASCADE_CHAINS    ; ON             ; AUTO_CASCADE                       ;
; IGNORE_CASCADE_BUFFERS ; OFF            ; IGNORE_CASCADE                     ;
+------------------------+----------------+------------------------------------+
Note: In order to hide this table in the UI and the text report file, please set the "Show Parameter Settings in Synthesis Report" option in "Analysis and Synthesis Settings -> More Settings" to "Off".


+------------------------------------------------------------------------------+
; Parameter Settings for Inferred Entity Instance: display:dis|lpm_divide:Div0 ;
+------------------------+----------------+------------------------------------+
; Parameter Name         ; Value          ; Type                               ;
+------------------------+----------------+------------------------------------+
; LPM_WIDTHN             ; 5              ; Untyped                            ;
; LPM_WIDTHD             ; 4              ; Untyped                            ;
; LPM_NREPRESENTATION    ; UNSIGNED       ; Untyped                            ;
; LPM_DREPRESENTATION    ; UNSIGNED       ; Untyped                            ;
; LPM_PIPELINE           ; 0              ; Untyped                            ;
; LPM_REMAINDERPOSITIVE  ; TRUE           ; Untyped                            ;
; MAXIMIZE_SPEED         ; 5              ; Untyped                            ;
; CBXI_PARAMETER         ; lpm_divide_2am ; Untyped                            ;
; CARRY_CHAIN            ; MANUAL         ; Untyped                            ;
; OPTIMIZE_FOR_SPEED     ; 5              ; Untyped                            ;
; AUTO_CARRY_CHAINS      ; ON             ; AUTO_CARRY                         ;
; IGNORE_CARRY_BUFFERS   ; OFF            ; IGNORE_CARRY                       ;
; AUTO_CASCADE_CHAINS    ; ON             ; AUTO_CASCADE                       ;
; IGNORE_CASCADE_BUFFERS ; OFF            ; IGNORE_CASCADE                     ;
+------------------------+----------------+------------------------------------+
Note: In order to hide this table in the UI and the text report file, please set the "Show Parameter Settings in Synthesis Report" option in "Analysis and Synthesis Settings -> More Settings" to "Off".


+-----------------------------------------------------+
; Post-Synthesis Netlist Statistics for Top Partition ;
+-----------------------+-----------------------------+
; Type                  ; Count                       ;
+-----------------------+-----------------------------+
; arriav_ff             ; 8                           ;
;     ENA               ; 3                           ;
;     plain             ; 5                           ;
; arriav_io_obuf        ; 34                          ;
; arriav_lcell_comb     ; 76                          ;
;     arith             ; 14                          ;
;         0 data inputs ; 4                           ;
;         1 data inputs ; 2                           ;
;         2 data inputs ; 4                           ;
;         3 data inputs ; 4                           ;
;     normal            ; 52                          ;
;         0 data inputs ; 2                           ;
;         1 data inputs ; 5                           ;
;         2 data inputs ; 12                          ;
;         3 data inputs ; 8                           ;
;         4 data inputs ; 10                          ;
;         5 data inputs ; 5                           ;
;         6 data inputs ; 10                          ;
;     shared            ; 10                          ;
;         0 data inputs ; 2                           ;
;         1 data inputs ; 8                           ;
; boundary_port         ; 77                          ;
;                       ;                             ;
; Max LUT depth         ; 6.70                        ;
; Average LUT depth     ; 3.60                        ;
+-----------------------+-----------------------------+


+-------------------------------+
; Elapsed Time Per Partition    ;
+----------------+--------------+
; Partition Name ; Elapsed Time ;
+----------------+--------------+
; Top            ; 00:00:01     ;
+----------------+--------------+


+-------------------------------+
; Analysis & Synthesis Messages ;
+-------------------------------+
Info: *******************************************************************
Info: Running Quartus Prime Analysis & Synthesis
    Info: Version 17.0.0 Build 595 04/25/2017 SJ Lite Edition
    Info: Processing started: Sat Apr 24 15:19:04 2021
Info: Command: quartus_map --read_settings_files=on --write_settings_files=off lab1 -c DE1_SoC
Warning (18236): Number of processors has not been specified which may cause overloading on shared machines.  Set the global assignment NUM_PARALLEL_PROCESSORS in your QSF to an appropriate value for best performance.
Info (20030): Parallel compilation is enabled and will use 4 of the 4 processors detected
Info (12021): Found 2 design units, including 2 entities, in source file fsm.sv
    Info (12023): Found entity 1: FSM File: C:/EE 371 hwga/lab1/FSM.sv Line: 6
    Info (12023): Found entity 2: FSM_testbench File: C:/EE 371 hwga/lab1/FSM.sv Line: 77
Info (12021): Found 2 design units, including 2 entities, in source file display.sv
    Info (12023): Found entity 1: display File: C:/EE 371 hwga/lab1/display.sv Line: 8
    Info (12023): Found entity 2: display_testbench File: C:/EE 371 hwga/lab1/display.sv Line: 69
Info (12021): Found 2 design units, including 2 entities, in source file de1_soc.sv
    Info (12023): Found entity 1: DE1_SoC File: C:/EE 371 hwga/lab1/DE1_SoC.sv Line: 7
    Info (12023): Found entity 2: DE1_SoC_testbench File: C:/EE 371 hwga/lab1/DE1_SoC.sv Line: 39
Info (12021): Found 2 design units, including 2 entities, in source file counter.sv
    Info (12023): Found entity 1: counter File: C:/EE 371 hwga/lab1/counter.sv Line: 7
    Info (12023): Found entity 2: counter_testbench File: C:/EE 371 hwga/lab1/counter.sv Line: 26
Info (12127): Elaborating entity "DE1_SoC" for the top level hierarchy
Warning (10665): Bidirectional port "GPIO_0[7]" at DE1_SoC.sv(12) has a one-way connection to bidirectional port "GPIO_0[27]" File: C:/EE 371 hwga/lab1/DE1_SoC.sv Line: 12
Warning (10665): Bidirectional port "GPIO_0[6]" at DE1_SoC.sv(12) has a one-way connection to bidirectional port "GPIO_0[26]" File: C:/EE 371 hwga/lab1/DE1_SoC.sv Line: 12
Info (12128): Elaborating entity "counter" for hierarchy "counter:co" File: C:/EE 371 hwga/lab1/DE1_SoC.sv Line: 29
Info (12128): Elaborating entity "FSM" for hierarchy "FSM:fs" File: C:/EE 371 hwga/lab1/DE1_SoC.sv Line: 31
Info (12128): Elaborating entity "display" for hierarchy "display:dis" File: C:/EE 371 hwga/lab1/DE1_SoC.sv Line: 33
Info (10264): Verilog HDL Case Statement information at display.sv(36): all case item expressions in this case statement are onehot File: C:/EE 371 hwga/lab1/display.sv Line: 36
Info (278001): Inferred 2 megafunctions from design logic
    Info (278004): Inferred divider/modulo megafunction ("lpm_divide") from the following logic: "display:dis|Mod0" File: C:/EE 371 hwga/lab1/display.sv Line: 20
    Info (278004): Inferred divider/modulo megafunction ("lpm_divide") from the following logic: "display:dis|Div0" File: C:/EE 371 hwga/lab1/display.sv Line: 36
Info (12130): Elaborated megafunction instantiation "display:dis|lpm_divide:Mod0" File: C:/EE 371 hwga/lab1/display.sv Line: 20
Info (12133): Instantiated megafunction "display:dis|lpm_divide:Mod0" with the following parameter: File: C:/EE 371 hwga/lab1/display.sv Line: 20
    Info (12134): Parameter "LPM_WIDTHN" = "5"
    Info (12134): Parameter "LPM_WIDTHD" = "4"
    Info (12134): Parameter "LPM_NREPRESENTATION" = "UNSIGNED"
    Info (12134): Parameter "LPM_DREPRESENTATION" = "UNSIGNED"
Info (12021): Found 1 design units, including 1 entities, in source file db/lpm_divide_52m.tdf
    Info (12023): Found entity 1: lpm_divide_52m File: C:/EE 371 hwga/lab1/db/lpm_divide_52m.tdf Line: 25
Info (12021): Found 1 design units, including 1 entities, in source file db/sign_div_unsign_8kh.tdf
    Info (12023): Found entity 1: sign_div_unsign_8kh File: C:/EE 371 hwga/lab1/db/sign_div_unsign_8kh.tdf Line: 25
Info (12021): Found 1 design units, including 1 entities, in source file db/alt_u_div_mse.tdf
    Info (12023): Found entity 1: alt_u_div_mse File: C:/EE 371 hwga/lab1/db/alt_u_div_mse.tdf Line: 23
Info (12130): Elaborated megafunction instantiation "display:dis|lpm_divide:Div0" File: C:/EE 371 hwga/lab1/display.sv Line: 36
Info (12133): Instantiated megafunction "display:dis|lpm_divide:Div0" with the following parameter: File: C:/EE 371 hwga/lab1/display.sv Line: 36
    Info (12134): Parameter "LPM_WIDTHN" = "5"
    Info (12134): Parameter "LPM_WIDTHD" = "4"
    Info (12134): Parameter "LPM_NREPRESENTATION" = "UNSIGNED"
    Info (12134): Parameter "LPM_DREPRESENTATION" = "UNSIGNED"
Info (12021): Found 1 design units, including 1 entities, in source file db/lpm_divide_2am.tdf
    Info (12023): Found entity 1: lpm_divide_2am File: C:/EE 371 hwga/lab1/db/lpm_divide_2am.tdf Line: 25
Warning (13039): The following bidirectional pins have no drivers
    Warning (13040): bidirectional pin "GPIO_0[5]" has no driver File: C:/EE 371 hwga/lab1/DE1_SoC.sv Line: 12
    Warning (13040): bidirectional pin "GPIO_0[6]" has no driver File: C:/EE 371 hwga/lab1/DE1_SoC.sv Line: 12
    Warning (13040): bidirectional pin "GPIO_0[7]" has no driver File: C:/EE 371 hwga/lab1/DE1_SoC.sv Line: 12
    Warning (13040): bidirectional pin "GPIO_0[0]" has no driver File: C:/EE 371 hwga/lab1/DE1_SoC.sv Line: 12
    Warning (13040): bidirectional pin "GPIO_0[1]" has no driver File: C:/EE 371 hwga/lab1/DE1_SoC.sv Line: 12
    Warning (13040): bidirectional pin "GPIO_0[2]" has no driver File: C:/EE 371 hwga/lab1/DE1_SoC.sv Line: 12
    Warning (13040): bidirectional pin "GPIO_0[3]" has no driver File: C:/EE 371 hwga/lab1/DE1_SoC.sv Line: 12
    Warning (13040): bidirectional pin "GPIO_0[4]" has no driver File: C:/EE 371 hwga/lab1/DE1_SoC.sv Line: 12
    Warning (13040): bidirectional pin "GPIO_0[8]" has no driver File: C:/EE 371 hwga/lab1/DE1_SoC.sv Line: 12
    Warning (13040): bidirectional pin "GPIO_0[9]" has no driver File: C:/EE 371 hwga/lab1/DE1_SoC.sv Line: 12
    Warning (13040): bidirectional pin "GPIO_0[10]" has no driver File: C:/EE 371 hwga/lab1/DE1_SoC.sv Line: 12
    Warning (13040): bidirectional pin "GPIO_0[11]" has no driver File: C:/EE 371 hwga/lab1/DE1_SoC.sv Line: 12
    Warning (13040): bidirectional pin "GPIO_0[12]" has no driver File: C:/EE 371 hwga/lab1/DE1_SoC.sv Line: 12
    Warning (13040): bidirectional pin "GPIO_0[13]" has no driver File: C:/EE 371 hwga/lab1/DE1_SoC.sv Line: 12
    Warning (13040): bidirectional pin "GPIO_0[14]" has no driver File: C:/EE 371 hwga/lab1/DE1_SoC.sv Line: 12
    Warning (13040): bidirectional pin "GPIO_0[15]" has no driver File: C:/EE 371 hwga/lab1/DE1_SoC.sv Line: 12
    Warning (13040): bidirectional pin "GPIO_0[16]" has no driver File: C:/EE 371 hwga/lab1/DE1_SoC.sv Line: 12
    Warning (13040): bidirectional pin "GPIO_0[17]" has no driver File: C:/EE 371 hwga/lab1/DE1_SoC.sv Line: 12
    Warning (13040): bidirectional pin "GPIO_0[18]" has no driver File: C:/EE 371 hwga/lab1/DE1_SoC.sv Line: 12
    Warning (13040): bidirectional pin "GPIO_0[19]" has no driver File: C:/EE 371 hwga/lab1/DE1_SoC.sv Line: 12
    Warning (13040): bidirectional pin "GPIO_0[20]" has no driver File: C:/EE 371 hwga/lab1/DE1_SoC.sv Line: 12
    Warning (13040): bidirectional pin "GPIO_0[21]" has no driver File: C:/EE 371 hwga/lab1/DE1_SoC.sv Line: 12
    Warning (13040): bidirectional pin "GPIO_0[22]" has no driver File: C:/EE 371 hwga/lab1/DE1_SoC.sv Line: 12
    Warning (13040): bidirectional pin "GPIO_0[23]" has no driver File: C:/EE 371 hwga/lab1/DE1_SoC.sv Line: 12
    Warning (13040): bidirectional pin "GPIO_0[24]" has no driver File: C:/EE 371 hwga/lab1/DE1_SoC.sv Line: 12
    Warning (13040): bidirectional pin "GPIO_0[25]" has no driver File: C:/EE 371 hwga/lab1/DE1_SoC.sv Line: 12
    Warning (13040): bidirectional pin "GPIO_0[28]" has no driver File: C:/EE 371 hwga/lab1/DE1_SoC.sv Line: 12
    Warning (13040): bidirectional pin "GPIO_0[29]" has no driver File: C:/EE 371 hwga/lab1/DE1_SoC.sv Line: 12
    Warning (13040): bidirectional pin "GPIO_0[30]" has no driver File: C:/EE 371 hwga/lab1/DE1_SoC.sv Line: 12
    Warning (13040): bidirectional pin "GPIO_0[31]" has no driver File: C:/EE 371 hwga/lab1/DE1_SoC.sv Line: 12
    Warning (13040): bidirectional pin "GPIO_0[32]" has no driver File: C:/EE 371 hwga/lab1/DE1_SoC.sv Line: 12
    Warning (13040): bidirectional pin "GPIO_0[33]" has no driver File: C:/EE 371 hwga/lab1/DE1_SoC.sv Line: 12
Warning (13009): TRI or OPNDRN buffers permanently enabled
    Warning (13010): Node "GPIO_0[26]~synth" File: C:/EE 371 hwga/lab1/DE1_SoC.sv Line: 12
    Warning (13010): Node "GPIO_0[27]~synth" File: C:/EE 371 hwga/lab1/DE1_SoC.sv Line: 12
Warning (13024): Output pins are stuck at VCC or GND
    Warning (13410): Pin "HEX1[1]" is stuck at GND File: C:/EE 371 hwga/lab1/DE1_SoC.sv Line: 10
    Warning (13410): Pin "HEX2[0]" is stuck at VCC File: C:/EE 371 hwga/lab1/DE1_SoC.sv Line: 10
    Warning (13410): Pin "HEX2[1]" is stuck at VCC File: C:/EE 371 hwga/lab1/DE1_SoC.sv Line: 10
    Warning (13410): Pin "HEX2[2]" is stuck at VCC File: C:/EE 371 hwga/lab1/DE1_SoC.sv Line: 10
    Warning (13410): Pin "HEX3[2]" is stuck at VCC File: C:/EE 371 hwga/lab1/DE1_SoC.sv Line: 10
    Warning (13410): Pin "HEX4[6]" is stuck at VCC File: C:/EE 371 hwga/lab1/DE1_SoC.sv Line: 10
    Warning (13410): Pin "HEX5[1]" is stuck at VCC File: C:/EE 371 hwga/lab1/DE1_SoC.sv Line: 10
    Warning (13410): Pin "HEX5[2]" is stuck at VCC File: C:/EE 371 hwga/lab1/DE1_SoC.sv Line: 10
Info (286030): Timing-Driven Synthesis is running
Info (16010): Generating hard_block partition "hard_block:auto_generated_inst"
    Info (16011): Adding 0 node(s), including 0 DDIO, 0 PLL, 0 transceiver and 0 LCELL
Info (21057): Implemented 146 device resources after synthesis - the final resource count might be different
    Info (21058): Implemented 1 input pins
    Info (21059): Implemented 42 output pins
    Info (21060): Implemented 34 bidirectional pins
    Info (21061): Implemented 69 logic cells
Info: Quartus Prime Analysis & Synthesis was successful. 0 errors, 48 warnings
    Info: Peak virtual memory: 4831 megabytes
    Info: Processing ended: Sat Apr 24 15:19:26 2021
    Info: Elapsed time: 00:00:22
    Info: Total CPU time (on all processors): 00:00:47


