Analysis & Synthesis report for DE1_SoC
Tue Mar 19 15:03:57 2019
Quartus Prime Version 17.0.0 Build 595 04/25/2017 SJ Lite Edition


---------------------
; Table of Contents ;
---------------------
  1. Legal Notice
  2. Analysis & Synthesis Summary
  3. Analysis & Synthesis Settings
  4. Parallel Compilation
  5. Analysis & Synthesis Source Files Read
  6. Analysis & Synthesis Resource Usage Summary
  7. Analysis & Synthesis Resource Utilization by Entity
  8. Registers Removed During Synthesis
  9. General Register Statistics
 10. Multiplexer Restructuring Statistics (Restructuring Performed)
 11. Port Connectivity Checks: "cells:cell77"
 12. Port Connectivity Checks: "cells:cell76"
 13. Port Connectivity Checks: "cells:cell75"
 14. Port Connectivity Checks: "cells:cell74"
 15. Port Connectivity Checks: "cells:cell73"
 16. Port Connectivity Checks: "cells:cell72"
 17. Port Connectivity Checks: "cells:cell71"
 18. Port Connectivity Checks: "cells:cell70"
 19. Port Connectivity Checks: "cells:cell67"
 20. Port Connectivity Checks: "cells:cell60"
 21. Port Connectivity Checks: "cells:cell57"
 22. Port Connectivity Checks: "cells:cell50"
 23. Port Connectivity Checks: "cells:cell47"
 24. Port Connectivity Checks: "cells:cell40"
 25. Port Connectivity Checks: "cells:cell37"
 26. Port Connectivity Checks: "cells:cell30"
 27. Port Connectivity Checks: "cells:cell27"
 28. Port Connectivity Checks: "cells:cell20"
 29. Port Connectivity Checks: "cells:cell17"
 30. Port Connectivity Checks: "cells:cell10"
 31. Port Connectivity Checks: "cells:cell07"
 32. Port Connectivity Checks: "cells:cell06"
 33. Port Connectivity Checks: "cells:cell05"
 34. Port Connectivity Checks: "cells:cell04"
 35. Port Connectivity Checks: "cells:cell03"
 36. Port Connectivity Checks: "cells:cell02"
 37. Port Connectivity Checks: "cells:cell01"
 38. Port Connectivity Checks: "cells:cell00"
 39. Port Connectivity Checks: "clock_divider:comb_109"
 40. Port Connectivity Checks: "led_matrix_driver:led"
 41. Post-Synthesis Netlist Statistics for Top Partition
 42. Elapsed Time Per Partition
 43. Analysis & Synthesis Messages
 44. Analysis & Synthesis Suppressed Messages



----------------
; Legal Notice ;
----------------
Copyright (C) 2017  Intel Corporation. All rights reserved.
Your use of Intel Corporation's design tools, logic functions 
and other software and tools, and its AMPP partner logic 
functions, and any output files from any of the foregoing 
(including device programming or simulation files), and any 
associated documentation or information are expressly subject 
to the terms and conditions of the Intel Program License 
Subscription Agreement, the Intel Quartus Prime License Agreement,
the Intel MegaCore Function License Agreement, or other 
applicable license agreement, including, without limitation, 
that your use is for the sole purpose of programming logic 
devices manufactured by Intel and sold by Intel or its 
authorized distributors.  Please refer to the applicable 
agreement for further details.



+-------------------------------------------------------------------------------+
; Analysis & Synthesis Summary                                                  ;
+---------------------------------+---------------------------------------------+
; Analysis & Synthesis Status     ; Successful - Tue Mar 19 15:03:57 2019       ;
; Quartus Prime Version           ; 17.0.0 Build 595 04/25/2017 SJ Lite Edition ;
; Revision Name                   ; DE1_SoC                                     ;
; Top-level Entity Name           ; DE1_SoC                                     ;
; Family                          ; Cyclone V                                   ;
; Logic utilization (in ALMs)     ; N/A                                         ;
; Total registers                 ; 167                                         ;
; Total pins                      ; 103                                         ;
; Total virtual pins              ; 0                                           ;
; Total block memory bits         ; 0                                           ;
; Total DSP Blocks                ; 0                                           ;
; Total HSSI RX PCSs              ; 0                                           ;
; Total HSSI PMA RX Deserializers ; 0                                           ;
; Total HSSI TX PCSs              ; 0                                           ;
; Total HSSI PMA TX Serializers   ; 0                                           ;
; Total PLLs                      ; 0                                           ;
; Total DLLs                      ; 0                                           ;
+---------------------------------+---------------------------------------------+


+---------------------------------------------------------------------------------------------------------------------------+
; Analysis & Synthesis Settings                                                                                             ;
+---------------------------------------------------------------------------------+--------------------+--------------------+
; Option                                                                          ; Setting            ; Default Value      ;
+---------------------------------------------------------------------------------+--------------------+--------------------+
; Device                                                                          ; 5CSEMA5F31C6       ;                    ;
; Top-level entity name                                                           ; DE1_SoC            ; DE1_SoC            ;
; Family name                                                                     ; Cyclone V          ; Cyclone V          ;
; State Machine Processing                                                        ; User-Encoded       ; Auto               ;
; Use smart compilation                                                           ; Off                ; Off                ;
; Enable parallel Assembler and TimeQuest Timing Analyzer during compilation      ; On                 ; On                 ;
; Enable compact report table                                                     ; Off                ; Off                ;
; Restructure Multiplexers                                                        ; Auto               ; Auto               ;
; MLAB Add Timing Constraints For Mixed-Port Feed-Through Mode Setting Don't Care ; Off                ; Off                ;
; Create Debugging Nodes for IP Cores                                             ; Off                ; Off                ;
; Preserve fewer node names                                                       ; On                 ; On                 ;
; OpenCore Plus hardware evaluation                                               ; Enable             ; Enable             ;
; Verilog Version                                                                 ; Verilog_2001       ; Verilog_2001       ;
; VHDL Version                                                                    ; VHDL_1993          ; VHDL_1993          ;
; Safe State Machine                                                              ; Off                ; Off                ;
; Extract Verilog State Machines                                                  ; On                 ; On                 ;
; Extract VHDL State Machines                                                     ; On                 ; On                 ;
; Ignore Verilog initial constructs                                               ; Off                ; Off                ;
; Iteration limit for constant Verilog loops                                      ; 5000               ; 5000               ;
; Iteration limit for non-constant Verilog loops                                  ; 250                ; 250                ;
; Add Pass-Through Logic to Inferred RAMs                                         ; On                 ; On                 ;
; Infer RAMs from Raw Logic                                                       ; On                 ; On                 ;
; Parallel Synthesis                                                              ; On                 ; On                 ;
; DSP Block Balancing                                                             ; Auto               ; Auto               ;
; NOT Gate Push-Back                                                              ; On                 ; On                 ;
; Power-Up Don't Care                                                             ; On                 ; On                 ;
; Remove Redundant Logic Cells                                                    ; Off                ; Off                ;
; Remove Duplicate Registers                                                      ; On                 ; On                 ;
; Ignore CARRY Buffers                                                            ; Off                ; Off                ;
; Ignore CASCADE Buffers                                                          ; Off                ; Off                ;
; Ignore GLOBAL Buffers                                                           ; Off                ; Off                ;
; Ignore ROW GLOBAL Buffers                                                       ; Off                ; Off                ;
; Ignore LCELL Buffers                                                            ; Off                ; Off                ;
; Ignore SOFT Buffers                                                             ; On                 ; On                 ;
; Limit AHDL Integers to 32 Bits                                                  ; Off                ; Off                ;
; Optimization Technique                                                          ; Balanced           ; Balanced           ;
; Carry Chain Length                                                              ; 70                 ; 70                 ;
; Auto Carry Chains                                                               ; On                 ; On                 ;
; Auto Open-Drain Pins                                                            ; On                 ; On                 ;
; Perform WYSIWYG Primitive Resynthesis                                           ; Off                ; Off                ;
; Auto ROM Replacement                                                            ; On                 ; On                 ;
; Auto RAM Replacement                                                            ; On                 ; On                 ;
; Auto DSP Block Replacement                                                      ; On                 ; On                 ;
; Auto Shift Register Replacement                                                 ; Auto               ; Auto               ;
; Allow Shift Register Merging across Hierarchies                                 ; Auto               ; Auto               ;
; Auto Clock Enable Replacement                                                   ; On                 ; On                 ;
; Strict RAM Replacement                                                          ; Off                ; Off                ;
; Allow Synchronous Control Signals                                               ; On                 ; On                 ;
; Force Use of Synchronous Clear Signals                                          ; Off                ; Off                ;
; Auto Resource Sharing                                                           ; Off                ; Off                ;
; Allow Any RAM Size For Recognition                                              ; Off                ; Off                ;
; Allow Any ROM Size For Recognition                                              ; Off                ; Off                ;
; Allow Any Shift Register Size For Recognition                                   ; Off                ; Off                ;
; Use LogicLock Constraints during Resource Balancing                             ; On                 ; On                 ;
; Ignore translate_off and synthesis_off directives                               ; Off                ; Off                ;
; Timing-Driven Synthesis                                                         ; On                 ; On                 ;
; Report Parameter Settings                                                       ; On                 ; On                 ;
; Report Source Assignments                                                       ; On                 ; On                 ;
; Report Connectivity Checks                                                      ; On                 ; On                 ;
; Ignore Maximum Fan-Out Assignments                                              ; Off                ; Off                ;
; Synchronization Register Chain Length                                           ; 3                  ; 3                  ;
; PowerPlay Power Optimization During Synthesis                                   ; Normal compilation ; Normal compilation ;
; HDL message level                                                               ; Level2             ; Level2             ;
; Suppress Register Optimization Related Messages                                 ; Off                ; Off                ;
; Number of Removed Registers Reported in Synthesis Report                        ; 5000               ; 5000               ;
; Number of Swept Nodes Reported in Synthesis Report                              ; 5000               ; 5000               ;
; Number of Inverted Registers Reported in Synthesis Report                       ; 100                ; 100                ;
; Clock MUX Protection                                                            ; On                 ; On                 ;
; Auto Gated Clock Conversion                                                     ; Off                ; Off                ;
; Block Design Naming                                                             ; Auto               ; Auto               ;
; SDC constraint protection                                                       ; Off                ; Off                ;
; Synthesis Effort                                                                ; Auto               ; Auto               ;
; Shift Register Replacement - Allow Asynchronous Clear Signal                    ; On                 ; On                 ;
; Pre-Mapping Resynthesis Optimization                                            ; Off                ; Off                ;
; Analysis & Synthesis Message Level                                              ; Medium             ; Medium             ;
; Disable Register Merging Across Hierarchies                                     ; Auto               ; Auto               ;
; Resource Aware Inference For Block RAM                                          ; On                 ; On                 ;
; Automatic Parallel Synthesis                                                    ; On                 ; On                 ;
; Partial Reconfiguration Bitstream ID                                            ; Off                ; Off                ;
+---------------------------------------------------------------------------------+--------------------+--------------------+


+------------------------------------------+
; Parallel Compilation                     ;
+----------------------------+-------------+
; Processors                 ; Number      ;
+----------------------------+-------------+
; Number detected on machine ; 8           ;
; Maximum allowed            ; 4           ;
;                            ;             ;
; Average used               ; 1.00        ;
; Maximum used               ; 4           ;
;                            ;             ;
; Usage by Processor         ; % Time Used ;
;     Processor 1            ; 100.0%      ;
;     Processors 2-4         ;   0.0%      ;
+----------------------------+-------------+


+---------------------------------------------------------------------------------------------------------------------------------------------+
; Analysis & Synthesis Source Files Read                                                                                                      ;
+----------------------------------+-----------------+------------------------------+-----------------------------------------------+---------+
; File Name with User-Entered Path ; Used in Netlist ; File Type                    ; File Name with Absolute Path                  ; Library ;
+----------------------------------+-----------------+------------------------------+-----------------------------------------------+---------+
; DE1_SoC.sv                       ; yes             ; User SystemVerilog HDL File  ; C:/ee271/lab8/Lab1_files/DE1_SoC.sv           ;         ;
; userinput.sv                     ; yes             ; User SystemVerilog HDL File  ; C:/ee271/lab8/Lab1_files/userinput.sv         ;         ;
; led_matrix_driver.sv             ; yes             ; User SystemVerilog HDL File  ; C:/ee271/lab8/Lab1_files/led_matrix_driver.sv ;         ;
; cells.sv                         ; yes             ; User SystemVerilog HDL File  ; C:/ee271/lab8/Lab1_files/cells.sv             ;         ;
; initialize.sv                    ; yes             ; User SystemVerilog HDL File  ; C:/ee271/lab8/Lab1_files/initialize.sv        ;         ;
+----------------------------------+-----------------+------------------------------+-----------------------------------------------+---------+


+-----------------------------------------------------------+
; Analysis & Synthesis Resource Usage Summary               ;
+---------------------------------------------+-------------+
; Resource                                    ; Usage       ;
+---------------------------------------------+-------------+
; Estimate of Logic utilization (ALMs needed) ; 291         ;
;                                             ;             ;
; Combinational ALUT usage for logic          ; 444         ;
;     -- 7 input functions                    ; 0           ;
;     -- 6 input functions                    ; 131         ;
;     -- 5 input functions                    ; 185         ;
;     -- 4 input functions                    ; 4           ;
;     -- <=3 input functions                  ; 124         ;
;                                             ;             ;
; Dedicated logic registers                   ; 167         ;
;                                             ;             ;
; I/O pins                                    ; 103         ;
;                                             ;             ;
; Total DSP Blocks                            ; 0           ;
;                                             ;             ;
; Maximum fan-out node                        ; SW[8]~input ;
; Maximum fan-out                             ; 160         ;
; Total fan-out                               ; 2619        ;
; Average fan-out                             ; 3.21        ;
+---------------------------------------------+-------------+


+-------------------------------------------------------------------------------------------------------------------------------------------------------------------------------------------------------------------+
; Analysis & Synthesis Resource Utilization by Entity                                                                                                                                                               ;
+-----------------------------+---------------------+---------------------------+-------------------+------------+------+--------------+-----------------------------------------+-------------------+--------------+
; Compilation Hierarchy Node  ; Combinational ALUTs ; Dedicated Logic Registers ; Block Memory Bits ; DSP Blocks ; Pins ; Virtual Pins ; Full Hierarchy Name                     ; Entity Name       ; Library Name ;
+-----------------------------+---------------------+---------------------------+-------------------+------------+------+--------------+-----------------------------------------+-------------------+--------------+
; |DE1_SoC                    ; 444 (64)            ; 167 (0)                   ; 0                 ; 0          ; 103  ; 0            ; |DE1_SoC                                ; DE1_SoC           ; work         ;
;    |cells:cell00|           ; 1 (1)               ; 1 (1)                     ; 0                 ; 0          ; 0    ; 0            ; |DE1_SoC|cells:cell00                   ; cells             ; work         ;
;    |cells:cell01|           ; 2 (2)               ; 1 (1)                     ; 0                 ; 0          ; 0    ; 0            ; |DE1_SoC|cells:cell01                   ; cells             ; work         ;
;    |cells:cell02|           ; 2 (2)               ; 1 (1)                     ; 0                 ; 0          ; 0    ; 0            ; |DE1_SoC|cells:cell02                   ; cells             ; work         ;
;    |cells:cell03|           ; 2 (2)               ; 1 (1)                     ; 0                 ; 0          ; 0    ; 0            ; |DE1_SoC|cells:cell03                   ; cells             ; work         ;
;    |cells:cell04|           ; 2 (2)               ; 1 (1)                     ; 0                 ; 0          ; 0    ; 0            ; |DE1_SoC|cells:cell04                   ; cells             ; work         ;
;    |cells:cell05|           ; 2 (2)               ; 1 (1)                     ; 0                 ; 0          ; 0    ; 0            ; |DE1_SoC|cells:cell05                   ; cells             ; work         ;
;    |cells:cell06|           ; 1 (1)               ; 1 (1)                     ; 0                 ; 0          ; 0    ; 0            ; |DE1_SoC|cells:cell06                   ; cells             ; work         ;
;    |cells:cell07|           ; 1 (1)               ; 1 (1)                     ; 0                 ; 0          ; 0    ; 0            ; |DE1_SoC|cells:cell07                   ; cells             ; work         ;
;    |cells:cell10|           ; 2 (2)               ; 1 (1)                     ; 0                 ; 0          ; 0    ; 0            ; |DE1_SoC|cells:cell10                   ; cells             ; work         ;
;    |cells:cell11|           ; 5 (5)               ; 1 (1)                     ; 0                 ; 0          ; 0    ; 0            ; |DE1_SoC|cells:cell11                   ; cells             ; work         ;
;    |cells:cell12|           ; 7 (7)               ; 1 (1)                     ; 0                 ; 0          ; 0    ; 0            ; |DE1_SoC|cells:cell12                   ; cells             ; work         ;
;    |cells:cell13|           ; 7 (7)               ; 1 (1)                     ; 0                 ; 0          ; 0    ; 0            ; |DE1_SoC|cells:cell13                   ; cells             ; work         ;
;    |cells:cell14|           ; 7 (7)               ; 1 (1)                     ; 0                 ; 0          ; 0    ; 0            ; |DE1_SoC|cells:cell14                   ; cells             ; work         ;
;    |cells:cell15|           ; 7 (7)               ; 1 (1)                     ; 0                 ; 0          ; 0    ; 0            ; |DE1_SoC|cells:cell15                   ; cells             ; work         ;
;    |cells:cell16|           ; 7 (7)               ; 1 (1)                     ; 0                 ; 0          ; 0    ; 0            ; |DE1_SoC|cells:cell16                   ; cells             ; work         ;
;    |cells:cell17|           ; 1 (1)               ; 1 (1)                     ; 0                 ; 0          ; 0    ; 0            ; |DE1_SoC|cells:cell17                   ; cells             ; work         ;
;    |cells:cell20|           ; 2 (2)               ; 1 (1)                     ; 0                 ; 0          ; 0    ; 0            ; |DE1_SoC|cells:cell20                   ; cells             ; work         ;
;    |cells:cell21|           ; 5 (5)               ; 1 (1)                     ; 0                 ; 0          ; 0    ; 0            ; |DE1_SoC|cells:cell21                   ; cells             ; work         ;
;    |cells:cell22|           ; 5 (5)               ; 1 (1)                     ; 0                 ; 0          ; 0    ; 0            ; |DE1_SoC|cells:cell22                   ; cells             ; work         ;
;    |cells:cell23|           ; 5 (5)               ; 1 (1)                     ; 0                 ; 0          ; 0    ; 0            ; |DE1_SoC|cells:cell23                   ; cells             ; work         ;
;    |cells:cell24|           ; 5 (5)               ; 1 (1)                     ; 0                 ; 0          ; 0    ; 0            ; |DE1_SoC|cells:cell24                   ; cells             ; work         ;
;    |cells:cell25|           ; 6 (6)               ; 1 (1)                     ; 0                 ; 0          ; 0    ; 0            ; |DE1_SoC|cells:cell25                   ; cells             ; work         ;
;    |cells:cell26|           ; 6 (6)               ; 1 (1)                     ; 0                 ; 0          ; 0    ; 0            ; |DE1_SoC|cells:cell26                   ; cells             ; work         ;
;    |cells:cell27|           ; 1 (1)               ; 1 (1)                     ; 0                 ; 0          ; 0    ; 0            ; |DE1_SoC|cells:cell27                   ; cells             ; work         ;
;    |cells:cell30|           ; 3 (3)               ; 1 (1)                     ; 0                 ; 0          ; 0    ; 0            ; |DE1_SoC|cells:cell30                   ; cells             ; work         ;
;    |cells:cell31|           ; 6 (6)               ; 1 (1)                     ; 0                 ; 0          ; 0    ; 0            ; |DE1_SoC|cells:cell31                   ; cells             ; work         ;
;    |cells:cell32|           ; 7 (7)               ; 1 (1)                     ; 0                 ; 0          ; 0    ; 0            ; |DE1_SoC|cells:cell32                   ; cells             ; work         ;
;    |cells:cell33|           ; 7 (7)               ; 1 (1)                     ; 0                 ; 0          ; 0    ; 0            ; |DE1_SoC|cells:cell33                   ; cells             ; work         ;
;    |cells:cell34|           ; 7 (7)               ; 1 (1)                     ; 0                 ; 0          ; 0    ; 0            ; |DE1_SoC|cells:cell34                   ; cells             ; work         ;
;    |cells:cell35|           ; 7 (7)               ; 1 (1)                     ; 0                 ; 0          ; 0    ; 0            ; |DE1_SoC|cells:cell35                   ; cells             ; work         ;
;    |cells:cell36|           ; 7 (7)               ; 1 (1)                     ; 0                 ; 0          ; 0    ; 0            ; |DE1_SoC|cells:cell36                   ; cells             ; work         ;
;    |cells:cell37|           ; 1 (1)               ; 1 (1)                     ; 0                 ; 0          ; 0    ; 0            ; |DE1_SoC|cells:cell37                   ; cells             ; work         ;
;    |cells:cell40|           ; 3 (3)               ; 1 (1)                     ; 0                 ; 0          ; 0    ; 0            ; |DE1_SoC|cells:cell40                   ; cells             ; work         ;
;    |cells:cell41|           ; 5 (5)               ; 1 (1)                     ; 0                 ; 0          ; 0    ; 0            ; |DE1_SoC|cells:cell41                   ; cells             ; work         ;
;    |cells:cell42|           ; 7 (7)               ; 1 (1)                     ; 0                 ; 0          ; 0    ; 0            ; |DE1_SoC|cells:cell42                   ; cells             ; work         ;
;    |cells:cell43|           ; 7 (7)               ; 1 (1)                     ; 0                 ; 0          ; 0    ; 0            ; |DE1_SoC|cells:cell43                   ; cells             ; work         ;
;    |cells:cell44|           ; 7 (7)               ; 1 (1)                     ; 0                 ; 0          ; 0    ; 0            ; |DE1_SoC|cells:cell44                   ; cells             ; work         ;
;    |cells:cell45|           ; 6 (6)               ; 1 (1)                     ; 0                 ; 0          ; 0    ; 0            ; |DE1_SoC|cells:cell45                   ; cells             ; work         ;
;    |cells:cell46|           ; 6 (6)               ; 1 (1)                     ; 0                 ; 0          ; 0    ; 0            ; |DE1_SoC|cells:cell46                   ; cells             ; work         ;
;    |cells:cell47|           ; 1 (1)               ; 1 (1)                     ; 0                 ; 0          ; 0    ; 0            ; |DE1_SoC|cells:cell47                   ; cells             ; work         ;
;    |cells:cell50|           ; 2 (2)               ; 1 (1)                     ; 0                 ; 0          ; 0    ; 0            ; |DE1_SoC|cells:cell50                   ; cells             ; work         ;
;    |cells:cell51|           ; 5 (5)               ; 1 (1)                     ; 0                 ; 0          ; 0    ; 0            ; |DE1_SoC|cells:cell51                   ; cells             ; work         ;
;    |cells:cell52|           ; 6 (6)               ; 1 (1)                     ; 0                 ; 0          ; 0    ; 0            ; |DE1_SoC|cells:cell52                   ; cells             ; work         ;
;    |cells:cell53|           ; 6 (6)               ; 1 (1)                     ; 0                 ; 0          ; 0    ; 0            ; |DE1_SoC|cells:cell53                   ; cells             ; work         ;
;    |cells:cell54|           ; 6 (6)               ; 1 (1)                     ; 0                 ; 0          ; 0    ; 0            ; |DE1_SoC|cells:cell54                   ; cells             ; work         ;
;    |cells:cell55|           ; 6 (6)               ; 1 (1)                     ; 0                 ; 0          ; 0    ; 0            ; |DE1_SoC|cells:cell55                   ; cells             ; work         ;
;    |cells:cell56|           ; 6 (6)               ; 1 (1)                     ; 0                 ; 0          ; 0    ; 0            ; |DE1_SoC|cells:cell56                   ; cells             ; work         ;
;    |cells:cell57|           ; 1 (1)               ; 1 (1)                     ; 0                 ; 0          ; 0    ; 0            ; |DE1_SoC|cells:cell57                   ; cells             ; work         ;
;    |cells:cell60|           ; 5 (5)               ; 1 (1)                     ; 0                 ; 0          ; 0    ; 0            ; |DE1_SoC|cells:cell60                   ; cells             ; work         ;
;    |cells:cell61|           ; 5 (5)               ; 1 (1)                     ; 0                 ; 0          ; 0    ; 0            ; |DE1_SoC|cells:cell61                   ; cells             ; work         ;
;    |cells:cell62|           ; 9 (9)               ; 1 (1)                     ; 0                 ; 0          ; 0    ; 0            ; |DE1_SoC|cells:cell62                   ; cells             ; work         ;
;    |cells:cell63|           ; 9 (9)               ; 1 (1)                     ; 0                 ; 0          ; 0    ; 0            ; |DE1_SoC|cells:cell63                   ; cells             ; work         ;
;    |cells:cell64|           ; 9 (9)               ; 1 (1)                     ; 0                 ; 0          ; 0    ; 0            ; |DE1_SoC|cells:cell64                   ; cells             ; work         ;
;    |cells:cell65|           ; 9 (9)               ; 1 (1)                     ; 0                 ; 0          ; 0    ; 0            ; |DE1_SoC|cells:cell65                   ; cells             ; work         ;
;    |cells:cell66|           ; 9 (9)               ; 1 (1)                     ; 0                 ; 0          ; 0    ; 0            ; |DE1_SoC|cells:cell66                   ; cells             ; work         ;
;    |cells:cell67|           ; 1 (1)               ; 1 (1)                     ; 0                 ; 0          ; 0    ; 0            ; |DE1_SoC|cells:cell67                   ; cells             ; work         ;
;    |cells:cell70|           ; 3 (3)               ; 1 (1)                     ; 0                 ; 0          ; 0    ; 0            ; |DE1_SoC|cells:cell70                   ; cells             ; work         ;
;    |cells:cell71|           ; 1 (1)               ; 1 (1)                     ; 0                 ; 0          ; 0    ; 0            ; |DE1_SoC|cells:cell71                   ; cells             ; work         ;
;    |cells:cell72|           ; 3 (3)               ; 1 (1)                     ; 0                 ; 0          ; 0    ; 0            ; |DE1_SoC|cells:cell72                   ; cells             ; work         ;
;    |cells:cell73|           ; 3 (3)               ; 1 (1)                     ; 0                 ; 0          ; 0    ; 0            ; |DE1_SoC|cells:cell73                   ; cells             ; work         ;
;    |cells:cell74|           ; 3 (3)               ; 1 (1)                     ; 0                 ; 0          ; 0    ; 0            ; |DE1_SoC|cells:cell74                   ; cells             ; work         ;
;    |cells:cell75|           ; 3 (3)               ; 1 (1)                     ; 0                 ; 0          ; 0    ; 0            ; |DE1_SoC|cells:cell75                   ; cells             ; work         ;
;    |cells:cell76|           ; 3 (3)               ; 1 (1)                     ; 0                 ; 0          ; 0    ; 0            ; |DE1_SoC|cells:cell76                   ; cells             ; work         ;
;    |cells:cell77|           ; 1 (1)               ; 1 (1)                     ; 0                 ; 0          ; 0    ; 0            ; |DE1_SoC|cells:cell77                   ; cells             ; work         ;
;    |clock_divider:comb_109| ; 24 (24)             ; 24 (24)                   ; 0                 ; 0          ; 0    ; 0            ; |DE1_SoC|clock_divider:comb_109         ; clock_divider     ; work         ;
;    |initialize:ini|         ; 28 (24)             ; 76 (72)                   ; 0                 ; 0          ; 0    ; 0            ; |DE1_SoC|initialize:ini                 ; initialize        ; work         ;
;       |userinput:four|      ; 1 (1)               ; 1 (1)                     ; 0                 ; 0          ; 0    ; 0            ; |DE1_SoC|initialize:ini|userinput:four  ; userinput         ; work         ;
;       |userinput:one|       ; 1 (1)               ; 1 (1)                     ; 0                 ; 0          ; 0    ; 0            ; |DE1_SoC|initialize:ini|userinput:one   ; userinput         ; work         ;
;       |userinput:three|     ; 1 (1)               ; 1 (1)                     ; 0                 ; 0          ; 0    ; 0            ; |DE1_SoC|initialize:ini|userinput:three ; userinput         ; work         ;
;       |userinput:two|       ; 1 (1)               ; 1 (1)                     ; 0                 ; 0          ; 0    ; 0            ; |DE1_SoC|initialize:ini|userinput:two   ; userinput         ; work         ;
;    |led_matrix_driver:led|  ; 36 (36)             ; 3 (3)                     ; 0                 ; 0          ; 0    ; 0            ; |DE1_SoC|led_matrix_driver:led          ; led_matrix_driver ; work         ;
+-----------------------------+---------------------+---------------------------+-------------------+------------+------+--------------+-----------------------------------------+-------------------+--------------+
Note: For table entries with two numbers listed, the numbers in parentheses indicate the number of resources of the given type used by the specific entity alone. The numbers listed outside of parentheses indicate the total resources of the given type used by the specific entity and all of its sub-entities in the hierarchy.


+----------------------------------------------------------------------------------------+
; Registers Removed During Synthesis                                                     ;
+-----------------------------------------------+----------------------------------------+
; Register name                                 ; Reason for Removal                     ;
+-----------------------------------------------+----------------------------------------+
; cells:cell77|ps[1..31]                        ; Stuck at GND due to stuck port data_in ;
; cells:cell76|ps[1..31]                        ; Stuck at GND due to stuck port data_in ;
; cells:cell75|ps[1..31]                        ; Stuck at GND due to stuck port data_in ;
; cells:cell74|ps[1..31]                        ; Stuck at GND due to stuck port data_in ;
; cells:cell73|ps[1..31]                        ; Stuck at GND due to stuck port data_in ;
; cells:cell72|ps[1..31]                        ; Stuck at GND due to stuck port data_in ;
; cells:cell71|ps[1..31]                        ; Stuck at GND due to stuck port data_in ;
; cells:cell70|ps[1..31]                        ; Stuck at GND due to stuck port data_in ;
; cells:cell67|ps[1..31]                        ; Stuck at GND due to stuck port data_in ;
; cells:cell66|ps[1..31]                        ; Stuck at GND due to stuck port data_in ;
; cells:cell65|ps[1..31]                        ; Stuck at GND due to stuck port data_in ;
; cells:cell64|ps[1..31]                        ; Stuck at GND due to stuck port data_in ;
; cells:cell63|ps[1..31]                        ; Stuck at GND due to stuck port data_in ;
; cells:cell62|ps[1..31]                        ; Stuck at GND due to stuck port data_in ;
; cells:cell61|ps[1..31]                        ; Stuck at GND due to stuck port data_in ;
; cells:cell60|ps[1..31]                        ; Stuck at GND due to stuck port data_in ;
; cells:cell57|ps[1..31]                        ; Stuck at GND due to stuck port data_in ;
; cells:cell56|ps[1..31]                        ; Stuck at GND due to stuck port data_in ;
; cells:cell55|ps[1..31]                        ; Stuck at GND due to stuck port data_in ;
; cells:cell54|ps[1..31]                        ; Stuck at GND due to stuck port data_in ;
; cells:cell53|ps[1..31]                        ; Stuck at GND due to stuck port data_in ;
; cells:cell52|ps[1..31]                        ; Stuck at GND due to stuck port data_in ;
; cells:cell51|ps[1..31]                        ; Stuck at GND due to stuck port data_in ;
; cells:cell50|ps[1..31]                        ; Stuck at GND due to stuck port data_in ;
; cells:cell47|ps[1..31]                        ; Stuck at GND due to stuck port data_in ;
; cells:cell46|ps[1..31]                        ; Stuck at GND due to stuck port data_in ;
; cells:cell45|ps[1..31]                        ; Stuck at GND due to stuck port data_in ;
; cells:cell44|ps[1..31]                        ; Stuck at GND due to stuck port data_in ;
; cells:cell43|ps[1..31]                        ; Stuck at GND due to stuck port data_in ;
; cells:cell42|ps[1..31]                        ; Stuck at GND due to stuck port data_in ;
; cells:cell41|ps[1..31]                        ; Stuck at GND due to stuck port data_in ;
; cells:cell40|ps[1..31]                        ; Stuck at GND due to stuck port data_in ;
; cells:cell37|ps[1..31]                        ; Stuck at GND due to stuck port data_in ;
; cells:cell36|ps[1..31]                        ; Stuck at GND due to stuck port data_in ;
; cells:cell35|ps[1..31]                        ; Stuck at GND due to stuck port data_in ;
; cells:cell34|ps[1..31]                        ; Stuck at GND due to stuck port data_in ;
; cells:cell33|ps[1..31]                        ; Stuck at GND due to stuck port data_in ;
; cells:cell32|ps[1..31]                        ; Stuck at GND due to stuck port data_in ;
; cells:cell31|ps[1..31]                        ; Stuck at GND due to stuck port data_in ;
; cells:cell30|ps[1..31]                        ; Stuck at GND due to stuck port data_in ;
; cells:cell27|ps[1..31]                        ; Stuck at GND due to stuck port data_in ;
; cells:cell26|ps[1..31]                        ; Stuck at GND due to stuck port data_in ;
; cells:cell25|ps[1..31]                        ; Stuck at GND due to stuck port data_in ;
; cells:cell24|ps[1..31]                        ; Stuck at GND due to stuck port data_in ;
; cells:cell23|ps[1..31]                        ; Stuck at GND due to stuck port data_in ;
; cells:cell22|ps[1..31]                        ; Stuck at GND due to stuck port data_in ;
; cells:cell21|ps[1..31]                        ; Stuck at GND due to stuck port data_in ;
; cells:cell20|ps[1..31]                        ; Stuck at GND due to stuck port data_in ;
; cells:cell17|ps[1..31]                        ; Stuck at GND due to stuck port data_in ;
; cells:cell16|ps[1..31]                        ; Stuck at GND due to stuck port data_in ;
; cells:cell15|ps[1..31]                        ; Stuck at GND due to stuck port data_in ;
; cells:cell14|ps[1..31]                        ; Stuck at GND due to stuck port data_in ;
; cells:cell13|ps[1..31]                        ; Stuck at GND due to stuck port data_in ;
; cells:cell12|ps[1..31]                        ; Stuck at GND due to stuck port data_in ;
; cells:cell11|ps[1..31]                        ; Stuck at GND due to stuck port data_in ;
; cells:cell10|ps[1..31]                        ; Stuck at GND due to stuck port data_in ;
; cells:cell07|ps[1..31]                        ; Stuck at GND due to stuck port data_in ;
; cells:cell06|ps[1..31]                        ; Stuck at GND due to stuck port data_in ;
; cells:cell05|ps[1..31]                        ; Stuck at GND due to stuck port data_in ;
; cells:cell04|ps[1..31]                        ; Stuck at GND due to stuck port data_in ;
; cells:cell03|ps[1..31]                        ; Stuck at GND due to stuck port data_in ;
; cells:cell02|ps[1..31]                        ; Stuck at GND due to stuck port data_in ;
; cells:cell01|ps[1..31]                        ; Stuck at GND due to stuck port data_in ;
; cells:cell00|ps[1..31]                        ; Stuck at GND due to stuck port data_in ;
; initialize:ini|userinput:four|ps[1..31]       ; Stuck at GND due to stuck port data_in ;
; initialize:ini|userinput:three|ps[1..31]      ; Stuck at GND due to stuck port data_in ;
; initialize:ini|userinput:two|ps[1..31]        ; Stuck at GND due to stuck port data_in ;
; initialize:ini|userinput:one|ps[1..31]        ; Stuck at GND due to stuck port data_in ;
; clock_divider:comb_109|divided_clocks[24..31] ; Lost fanout                            ;
; Total Number of Removed Registers = 2116      ;                                        ;
+-----------------------------------------------+----------------------------------------+


+------------------------------------------------------+
; General Register Statistics                          ;
+----------------------------------------------+-------+
; Statistic                                    ; Value ;
+----------------------------------------------+-------+
; Total registers                              ; 167   ;
; Number of registers using Synchronous Clear  ; 32    ;
; Number of registers using Synchronous Load   ; 0     ;
; Number of registers using Asynchronous Clear ; 0     ;
; Number of registers using Asynchronous Load  ; 0     ;
; Number of registers using Clock Enable       ; 72    ;
; Number of registers using Preset             ; 0     ;
+----------------------------------------------+-------+


+----------------------------------------------------------------------------------------------------------------------------------------------------+
; Multiplexer Restructuring Statistics (Restructuring Performed)                                                                                     ;
+--------------------+-----------+---------------+----------------------+------------------------+------------+--------------------------------------+
; Multiplexer Inputs ; Bus Width ; Baseline Area ; Area if Restructured ; Saving if Restructured ; Registered ; Example Multiplexer Output           ;
+--------------------+-----------+---------------+----------------------+------------------------+------------+--------------------------------------+
; 3:1                ; 2 bits    ; 4 LEs         ; 2 LEs                ; 2 LEs                  ; Yes        ; |DE1_SoC|initialize:ini|press0[0]    ;
; 3:1                ; 2 bits    ; 4 LEs         ; 2 LEs                ; 2 LEs                  ; Yes        ; |DE1_SoC|initialize:ini|press1[1]    ;
; 3:1                ; 2 bits    ; 4 LEs         ; 2 LEs                ; 2 LEs                  ; Yes        ; |DE1_SoC|initialize:ini|press2[1]    ;
; 3:1                ; 2 bits    ; 4 LEs         ; 2 LEs                ; 2 LEs                  ; Yes        ; |DE1_SoC|initialize:ini|press3[1]    ;
; 7:1                ; 2 bits    ; 8 LEs         ; 6 LEs                ; 2 LEs                  ; Yes        ; |DE1_SoC|initialize:ini|val[7][0]    ;
; 7:1                ; 2 bits    ; 8 LEs         ; 6 LEs                ; 2 LEs                  ; Yes        ; |DE1_SoC|initialize:ini|val[6][0]    ;
; 7:1                ; 2 bits    ; 8 LEs         ; 6 LEs                ; 2 LEs                  ; Yes        ; |DE1_SoC|initialize:ini|val[5][0]    ;
; 7:1                ; 2 bits    ; 8 LEs         ; 6 LEs                ; 2 LEs                  ; Yes        ; |DE1_SoC|initialize:ini|val[4][1]    ;
; 7:1                ; 2 bits    ; 8 LEs         ; 6 LEs                ; 2 LEs                  ; Yes        ; |DE1_SoC|initialize:ini|val[3][0]    ;
; 7:1                ; 2 bits    ; 8 LEs         ; 6 LEs                ; 2 LEs                  ; Yes        ; |DE1_SoC|initialize:ini|val[2][0]    ;
; 7:1                ; 2 bits    ; 8 LEs         ; 6 LEs                ; 2 LEs                  ; Yes        ; |DE1_SoC|initialize:ini|val[1][0]    ;
; 7:1                ; 2 bits    ; 8 LEs         ; 6 LEs                ; 2 LEs                  ; Yes        ; |DE1_SoC|initialize:ini|val[0][0]    ;
; 7:1                ; 2 bits    ; 8 LEs         ; 6 LEs                ; 2 LEs                  ; Yes        ; |DE1_SoC|initialize:ini|val[7][3]    ;
; 7:1                ; 2 bits    ; 8 LEs         ; 6 LEs                ; 2 LEs                  ; Yes        ; |DE1_SoC|initialize:ini|val[6][2]    ;
; 7:1                ; 2 bits    ; 8 LEs         ; 6 LEs                ; 2 LEs                  ; Yes        ; |DE1_SoC|initialize:ini|val[5][3]    ;
; 7:1                ; 2 bits    ; 8 LEs         ; 6 LEs                ; 2 LEs                  ; Yes        ; |DE1_SoC|initialize:ini|val[4][3]    ;
; 7:1                ; 2 bits    ; 8 LEs         ; 6 LEs                ; 2 LEs                  ; Yes        ; |DE1_SoC|initialize:ini|val[3][3]    ;
; 7:1                ; 2 bits    ; 8 LEs         ; 6 LEs                ; 2 LEs                  ; Yes        ; |DE1_SoC|initialize:ini|val[2][3]    ;
; 7:1                ; 2 bits    ; 8 LEs         ; 6 LEs                ; 2 LEs                  ; Yes        ; |DE1_SoC|initialize:ini|val[1][3]    ;
; 7:1                ; 2 bits    ; 8 LEs         ; 6 LEs                ; 2 LEs                  ; Yes        ; |DE1_SoC|initialize:ini|val[0][2]    ;
; 7:1                ; 2 bits    ; 8 LEs         ; 6 LEs                ; 2 LEs                  ; Yes        ; |DE1_SoC|initialize:ini|val[7][4]    ;
; 7:1                ; 2 bits    ; 8 LEs         ; 6 LEs                ; 2 LEs                  ; Yes        ; |DE1_SoC|initialize:ini|val[6][4]    ;
; 7:1                ; 2 bits    ; 8 LEs         ; 6 LEs                ; 2 LEs                  ; Yes        ; |DE1_SoC|initialize:ini|val[5][4]    ;
; 7:1                ; 2 bits    ; 8 LEs         ; 6 LEs                ; 2 LEs                  ; Yes        ; |DE1_SoC|initialize:ini|val[4][4]    ;
; 7:1                ; 2 bits    ; 8 LEs         ; 6 LEs                ; 2 LEs                  ; Yes        ; |DE1_SoC|initialize:ini|val[3][4]    ;
; 7:1                ; 2 bits    ; 8 LEs         ; 6 LEs                ; 2 LEs                  ; Yes        ; |DE1_SoC|initialize:ini|val[2][4]    ;
; 7:1                ; 2 bits    ; 8 LEs         ; 6 LEs                ; 2 LEs                  ; Yes        ; |DE1_SoC|initialize:ini|val[1][4]    ;
; 7:1                ; 2 bits    ; 8 LEs         ; 6 LEs                ; 2 LEs                  ; Yes        ; |DE1_SoC|initialize:ini|val[0][5]    ;
; 7:1                ; 2 bits    ; 8 LEs         ; 6 LEs                ; 2 LEs                  ; Yes        ; |DE1_SoC|initialize:ini|val[7][7]    ;
; 7:1                ; 2 bits    ; 8 LEs         ; 6 LEs                ; 2 LEs                  ; Yes        ; |DE1_SoC|initialize:ini|val[6][6]    ;
; 7:1                ; 2 bits    ; 8 LEs         ; 6 LEs                ; 2 LEs                  ; Yes        ; |DE1_SoC|initialize:ini|val[5][7]    ;
; 7:1                ; 2 bits    ; 8 LEs         ; 6 LEs                ; 2 LEs                  ; Yes        ; |DE1_SoC|initialize:ini|val[4][7]    ;
; 7:1                ; 2 bits    ; 8 LEs         ; 6 LEs                ; 2 LEs                  ; Yes        ; |DE1_SoC|initialize:ini|val[3][7]    ;
; 7:1                ; 2 bits    ; 8 LEs         ; 6 LEs                ; 2 LEs                  ; Yes        ; |DE1_SoC|initialize:ini|val[2][6]    ;
; 7:1                ; 2 bits    ; 8 LEs         ; 6 LEs                ; 2 LEs                  ; Yes        ; |DE1_SoC|initialize:ini|val[1][6]    ;
; 7:1                ; 2 bits    ; 8 LEs         ; 6 LEs                ; 2 LEs                  ; Yes        ; |DE1_SoC|initialize:ini|val[0][7]    ;
; 8:1                ; 8 bits    ; 40 LEs        ; 40 LEs               ; 0 LEs                  ; No         ; |DE1_SoC|led_matrix_driver:led|Mux13 ;
+--------------------+-----------+---------------+----------------------+------------------------+------------+--------------------------------------+


+------------------------------------------+
; Port Connectivity Checks: "cells:cell77" ;
+-------+-------+----------+---------------+
; Port  ; Type  ; Severity ; Details       ;
+-------+-------+----------+---------------+
; cell2 ; Input ; Info     ; Stuck at GND  ;
; cell5 ; Input ; Info     ; Stuck at GND  ;
; cell6 ; Input ; Info     ; Stuck at GND  ;
; cell7 ; Input ; Info     ; Stuck at GND  ;
; cell8 ; Input ; Info     ; Stuck at GND  ;
+-------+-------+----------+---------------+


+------------------------------------------+
; Port Connectivity Checks: "cells:cell76" ;
+-------+-------+----------+---------------+
; Port  ; Type  ; Severity ; Details       ;
+-------+-------+----------+---------------+
; cell6 ; Input ; Info     ; Stuck at GND  ;
; cell7 ; Input ; Info     ; Stuck at GND  ;
; cell8 ; Input ; Info     ; Stuck at GND  ;
+-------+-------+----------+---------------+


+------------------------------------------+
; Port Connectivity Checks: "cells:cell75" ;
+-------+-------+----------+---------------+
; Port  ; Type  ; Severity ; Details       ;
+-------+-------+----------+---------------+
; cell6 ; Input ; Info     ; Stuck at GND  ;
; cell7 ; Input ; Info     ; Stuck at GND  ;
; cell8 ; Input ; Info     ; Stuck at GND  ;
+-------+-------+----------+---------------+


+------------------------------------------+
; Port Connectivity Checks: "cells:cell74" ;
+-------+-------+----------+---------------+
; Port  ; Type  ; Severity ; Details       ;
+-------+-------+----------+---------------+
; cell6 ; Input ; Info     ; Stuck at GND  ;
; cell7 ; Input ; Info     ; Stuck at GND  ;
; cell8 ; Input ; Info     ; Stuck at GND  ;
+-------+-------+----------+---------------+


+------------------------------------------+
; Port Connectivity Checks: "cells:cell73" ;
+-------+-------+----------+---------------+
; Port  ; Type  ; Severity ; Details       ;
+-------+-------+----------+---------------+
; cell6 ; Input ; Info     ; Stuck at GND  ;
; cell7 ; Input ; Info     ; Stuck at GND  ;
; cell8 ; Input ; Info     ; Stuck at GND  ;
+-------+-------+----------+---------------+


+------------------------------------------+
; Port Connectivity Checks: "cells:cell72" ;
+-------+-------+----------+---------------+
; Port  ; Type  ; Severity ; Details       ;
+-------+-------+----------+---------------+
; cell6 ; Input ; Info     ; Stuck at GND  ;
; cell7 ; Input ; Info     ; Stuck at GND  ;
; cell8 ; Input ; Info     ; Stuck at GND  ;
+-------+-------+----------+---------------+


+------------------------------------------+
; Port Connectivity Checks: "cells:cell71" ;
+-------+-------+----------+---------------+
; Port  ; Type  ; Severity ; Details       ;
+-------+-------+----------+---------------+
; cell6 ; Input ; Info     ; Stuck at GND  ;
; cell7 ; Input ; Info     ; Stuck at GND  ;
; cell8 ; Input ; Info     ; Stuck at GND  ;
+-------+-------+----------+---------------+


+------------------------------------------+
; Port Connectivity Checks: "cells:cell70" ;
+-------+-------+----------+---------------+
; Port  ; Type  ; Severity ; Details       ;
+-------+-------+----------+---------------+
; cell0 ; Input ; Info     ; Stuck at GND  ;
; cell3 ; Input ; Info     ; Stuck at GND  ;
; cell6 ; Input ; Info     ; Stuck at GND  ;
; cell7 ; Input ; Info     ; Stuck at GND  ;
; cell8 ; Input ; Info     ; Stuck at GND  ;
+-------+-------+----------+---------------+


+------------------------------------------+
; Port Connectivity Checks: "cells:cell67" ;
+-------+-------+----------+---------------+
; Port  ; Type  ; Severity ; Details       ;
+-------+-------+----------+---------------+
; cell2 ; Input ; Info     ; Stuck at GND  ;
; cell5 ; Input ; Info     ; Stuck at GND  ;
; cell8 ; Input ; Info     ; Stuck at GND  ;
+-------+-------+----------+---------------+


+------------------------------------------+
; Port Connectivity Checks: "cells:cell60" ;
+-------+-------+----------+---------------+
; Port  ; Type  ; Severity ; Details       ;
+-------+-------+----------+---------------+
; cell0 ; Input ; Info     ; Stuck at GND  ;
; cell3 ; Input ; Info     ; Stuck at GND  ;
; cell6 ; Input ; Info     ; Stuck at GND  ;
+-------+-------+----------+---------------+


+------------------------------------------+
; Port Connectivity Checks: "cells:cell57" ;
+-------+-------+----------+---------------+
; Port  ; Type  ; Severity ; Details       ;
+-------+-------+----------+---------------+
; cell2 ; Input ; Info     ; Stuck at GND  ;
; cell5 ; Input ; Info     ; Stuck at GND  ;
; cell8 ; Input ; Info     ; Stuck at GND  ;
+-------+-------+----------+---------------+


+------------------------------------------+
; Port Connectivity Checks: "cells:cell50" ;
+-------+-------+----------+---------------+
; Port  ; Type  ; Severity ; Details       ;
+-------+-------+----------+---------------+
; cell0 ; Input ; Info     ; Stuck at GND  ;
; cell3 ; Input ; Info     ; Stuck at GND  ;
; cell6 ; Input ; Info     ; Stuck at GND  ;
+-------+-------+----------+---------------+


+------------------------------------------+
; Port Connectivity Checks: "cells:cell47" ;
+-------+-------+----------+---------------+
; Port  ; Type  ; Severity ; Details       ;
+-------+-------+----------+---------------+
; cell2 ; Input ; Info     ; Stuck at GND  ;
; cell5 ; Input ; Info     ; Stuck at GND  ;
; cell8 ; Input ; Info     ; Stuck at GND  ;
+-------+-------+----------+---------------+


+------------------------------------------+
; Port Connectivity Checks: "cells:cell40" ;
+-------+-------+----------+---------------+
; Port  ; Type  ; Severity ; Details       ;
+-------+-------+----------+---------------+
; cell0 ; Input ; Info     ; Stuck at GND  ;
; cell3 ; Input ; Info     ; Stuck at GND  ;
; cell6 ; Input ; Info     ; Stuck at GND  ;
+-------+-------+----------+---------------+


+------------------------------------------+
; Port Connectivity Checks: "cells:cell37" ;
+-------+-------+----------+---------------+
; Port  ; Type  ; Severity ; Details       ;
+-------+-------+----------+---------------+
; cell2 ; Input ; Info     ; Stuck at GND  ;
; cell5 ; Input ; Info     ; Stuck at GND  ;
; cell8 ; Input ; Info     ; Stuck at GND  ;
+-------+-------+----------+---------------+


+------------------------------------------+
; Port Connectivity Checks: "cells:cell30" ;
+-------+-------+----------+---------------+
; Port  ; Type  ; Severity ; Details       ;
+-------+-------+----------+---------------+
; cell0 ; Input ; Info     ; Stuck at GND  ;
; cell3 ; Input ; Info     ; Stuck at GND  ;
; cell6 ; Input ; Info     ; Stuck at GND  ;
+-------+-------+----------+---------------+


+------------------------------------------+
; Port Connectivity Checks: "cells:cell27" ;
+-------+-------+----------+---------------+
; Port  ; Type  ; Severity ; Details       ;
+-------+-------+----------+---------------+
; cell2 ; Input ; Info     ; Stuck at GND  ;
; cell5 ; Input ; Info     ; Stuck at GND  ;
; cell8 ; Input ; Info     ; Stuck at GND  ;
+-------+-------+----------+---------------+


+------------------------------------------+
; Port Connectivity Checks: "cells:cell20" ;
+-------+-------+----------+---------------+
; Port  ; Type  ; Severity ; Details       ;
+-------+-------+----------+---------------+
; cell0 ; Input ; Info     ; Stuck at GND  ;
; cell3 ; Input ; Info     ; Stuck at GND  ;
; cell6 ; Input ; Info     ; Stuck at GND  ;
+-------+-------+----------+---------------+


+------------------------------------------+
; Port Connectivity Checks: "cells:cell17" ;
+-------+-------+----------+---------------+
; Port  ; Type  ; Severity ; Details       ;
+-------+-------+----------+---------------+
; cell2 ; Input ; Info     ; Stuck at GND  ;
; cell5 ; Input ; Info     ; Stuck at GND  ;
; cell8 ; Input ; Info     ; Stuck at GND  ;
+-------+-------+----------+---------------+


+------------------------------------------+
; Port Connectivity Checks: "cells:cell10" ;
+-------+-------+----------+---------------+
; Port  ; Type  ; Severity ; Details       ;
+-------+-------+----------+---------------+
; cell0 ; Input ; Info     ; Stuck at GND  ;
; cell3 ; Input ; Info     ; Stuck at GND  ;
; cell6 ; Input ; Info     ; Stuck at GND  ;
+-------+-------+----------+---------------+


+------------------------------------------+
; Port Connectivity Checks: "cells:cell07" ;
+-------+-------+----------+---------------+
; Port  ; Type  ; Severity ; Details       ;
+-------+-------+----------+---------------+
; cell0 ; Input ; Info     ; Stuck at GND  ;
; cell1 ; Input ; Info     ; Stuck at GND  ;
; cell2 ; Input ; Info     ; Stuck at GND  ;
; cell5 ; Input ; Info     ; Stuck at GND  ;
; cell8 ; Input ; Info     ; Stuck at GND  ;
+-------+-------+----------+---------------+


+------------------------------------------+
; Port Connectivity Checks: "cells:cell06" ;
+-------+-------+----------+---------------+
; Port  ; Type  ; Severity ; Details       ;
+-------+-------+----------+---------------+
; cell0 ; Input ; Info     ; Stuck at GND  ;
; cell1 ; Input ; Info     ; Stuck at GND  ;
; cell2 ; Input ; Info     ; Stuck at GND  ;
+-------+-------+----------+---------------+


+------------------------------------------+
; Port Connectivity Checks: "cells:cell05" ;
+-------+-------+----------+---------------+
; Port  ; Type  ; Severity ; Details       ;
+-------+-------+----------+---------------+
; cell0 ; Input ; Info     ; Stuck at GND  ;
; cell1 ; Input ; Info     ; Stuck at GND  ;
; cell2 ; Input ; Info     ; Stuck at GND  ;
+-------+-------+----------+---------------+


+------------------------------------------+
; Port Connectivity Checks: "cells:cell04" ;
+-------+-------+----------+---------------+
; Port  ; Type  ; Severity ; Details       ;
+-------+-------+----------+---------------+
; cell0 ; Input ; Info     ; Stuck at GND  ;
; cell1 ; Input ; Info     ; Stuck at GND  ;
; cell2 ; Input ; Info     ; Stuck at GND  ;
+-------+-------+----------+---------------+


+------------------------------------------+
; Port Connectivity Checks: "cells:cell03" ;
+-------+-------+----------+---------------+
; Port  ; Type  ; Severity ; Details       ;
+-------+-------+----------+---------------+
; cell0 ; Input ; Info     ; Stuck at GND  ;
; cell1 ; Input ; Info     ; Stuck at GND  ;
; cell2 ; Input ; Info     ; Stuck at GND  ;
+-------+-------+----------+---------------+


+------------------------------------------+
; Port Connectivity Checks: "cells:cell02" ;
+-------+-------+----------+---------------+
; Port  ; Type  ; Severity ; Details       ;
+-------+-------+----------+---------------+
; cell0 ; Input ; Info     ; Stuck at GND  ;
; cell1 ; Input ; Info     ; Stuck at GND  ;
; cell2 ; Input ; Info     ; Stuck at GND  ;
+-------+-------+----------+---------------+


+------------------------------------------+
; Port Connectivity Checks: "cells:cell01" ;
+-------+-------+----------+---------------+
; Port  ; Type  ; Severity ; Details       ;
+-------+-------+----------+---------------+
; cell0 ; Input ; Info     ; Stuck at GND  ;
; cell1 ; Input ; Info     ; Stuck at GND  ;
; cell2 ; Input ; Info     ; Stuck at GND  ;
+-------+-------+----------+---------------+


+------------------------------------------+
; Port Connectivity Checks: "cells:cell00" ;
+-------+-------+----------+---------------+
; Port  ; Type  ; Severity ; Details       ;
+-------+-------+----------+---------------+
; cell0 ; Input ; Info     ; Stuck at GND  ;
; cell1 ; Input ; Info     ; Stuck at GND  ;
; cell2 ; Input ; Info     ; Stuck at GND  ;
; cell3 ; Input ; Info     ; Stuck at GND  ;
; cell6 ; Input ; Info     ; Stuck at GND  ;
+-------+-------+----------+---------------+


+----------------------------------------------------------------------------------------------------------------------------------+
; Port Connectivity Checks: "clock_divider:comb_109"                                                                               ;
+------------------------+--------+----------+-------------------------------------------------------------------------------------+
; Port                   ; Type   ; Severity ; Details                                                                             ;
+------------------------+--------+----------+-------------------------------------------------------------------------------------+
; divided_clocks[31..24] ; Output ; Info     ; Connected to dangling logic. Logic that only feeds a dangling port will be removed. ;
; divided_clocks[22..16] ; Output ; Info     ; Connected to dangling logic. Logic that only feeds a dangling port will be removed. ;
; divided_clocks[14..0]  ; Output ; Info     ; Connected to dangling logic. Logic that only feeds a dangling port will be removed. ;
+------------------------+--------+----------+-------------------------------------------------------------------------------------+


+---------------------------------------------------+
; Port Connectivity Checks: "led_matrix_driver:led" ;
+-----------+-------+----------+--------------------+
; Port      ; Type  ; Severity ; Details            ;
+-----------+-------+----------+--------------------+
; red_array ; Input ; Info     ; Stuck at GND       ;
+-----------+-------+----------+--------------------+


+-----------------------------------------------------+
; Post-Synthesis Netlist Statistics for Top Partition ;
+-----------------------+-----------------------------+
; Type                  ; Count                       ;
+-----------------------+-----------------------------+
; arriav_ff             ; 167                         ;
;     ENA               ; 40                          ;
;     ENA SCLR          ; 32                          ;
;     plain             ; 95                          ;
; arriav_lcell_comb     ; 454                         ;
;     arith             ; 23                          ;
;         1 data inputs ; 22                          ;
;         2 data inputs ; 1                           ;
;     normal            ; 431                         ;
;         0 data inputs ; 2                           ;
;         1 data inputs ; 10                          ;
;         2 data inputs ; 10                          ;
;         3 data inputs ; 89                          ;
;         4 data inputs ; 4                           ;
;         5 data inputs ; 185                         ;
;         6 data inputs ; 131                         ;
; boundary_port         ; 103                         ;
;                       ;                             ;
; Max LUT depth         ; 3.20                        ;
; Average LUT depth     ; 2.65                        ;
+-----------------------+-----------------------------+


+-------------------------------+
; Elapsed Time Per Partition    ;
+----------------+--------------+
; Partition Name ; Elapsed Time ;
+----------------+--------------+
; Top            ; 00:00:03     ;
+----------------+--------------+


+-------------------------------+
; Analysis & Synthesis Messages ;
+-------------------------------+
Info: *******************************************************************
Info: Running Quartus Prime Analysis & Synthesis
    Info: Version 17.0.0 Build 595 04/25/2017 SJ Lite Edition
    Info: Processing started: Tue Mar 19 15:03:36 2019
Info: Command: quartus_map --read_settings_files=on --write_settings_files=off DE1_SoC -c DE1_SoC
Info (20030): Parallel compilation is enabled and will use 4 of the 4 processors detected
Info (12021): Found 3 design units, including 3 entities, in source file de1_soc.sv
    Info (12023): Found entity 1: DE1_SoC File: C:/ee271/lab8/Lab1_files/DE1_SoC.sv Line: 1
    Info (12023): Found entity 2: clock_divider File: C:/ee271/lab8/Lab1_files/DE1_SoC.sv Line: 110
    Info (12023): Found entity 3: DE1_SoC_testbench File: C:/ee271/lab8/Lab1_files/DE1_SoC.sv Line: 121
Info (12021): Found 2 design units, including 2 entities, in source file victory.sv
    Info (12023): Found entity 1: Victory File: C:/ee271/lab8/Lab1_files/Victory.sv Line: 1
    Info (12023): Found entity 2: Victory_testbench File: C:/ee271/lab8/Lab1_files/Victory.sv Line: 44
Info (12021): Found 2 design units, including 2 entities, in source file userinput.sv
    Info (12023): Found entity 1: userinput File: C:/ee271/lab8/Lab1_files/userinput.sv Line: 1
    Info (12023): Found entity 2: userinput_testbench File: C:/ee271/lab8/Lab1_files/userinput.sv Line: 43
Info (12021): Found 2 design units, including 2 entities, in source file twodffs.sv
    Info (12023): Found entity 1: twodffs File: C:/ee271/lab8/Lab1_files/twodffs.sv Line: 1
    Info (12023): Found entity 2: twodffs_testbench File: C:/ee271/lab8/Lab1_files/twodffs.sv Line: 21
Info (12021): Found 2 design units, including 2 entities, in source file normallight.sv
    Info (12023): Found entity 1: normalLight File: C:/ee271/lab8/Lab1_files/normalLight.sv Line: 1
    Info (12023): Found entity 2: normalLight_testbench File: C:/ee271/lab8/Lab1_files/normalLight.sv Line: 38
Info (12021): Found 2 design units, including 2 entities, in source file centerlight.sv
    Info (12023): Found entity 1: centerLight File: C:/ee271/lab8/Lab1_files/centerLight.sv Line: 1
    Info (12023): Found entity 2: centerLight_testbench File: C:/ee271/lab8/Lab1_files/centerLight.sv Line: 37
Info (12021): Found 2 design units, including 2 entities, in source file counters.sv
    Info (12023): Found entity 1: counters File: C:/ee271/lab8/Lab1_files/counters.sv Line: 1
    Info (12023): Found entity 2: counters_testbench File: C:/ee271/lab8/Lab1_files/counters.sv Line: 95
Info (12021): Found 2 design units, including 2 entities, in source file lfsr.sv
    Info (12023): Found entity 1: LFSR File: C:/ee271/lab8/Lab1_files/LFSR.sv Line: 1
    Info (12023): Found entity 2: LFSR_testbench File: C:/ee271/lab8/Lab1_files/LFSR.sv Line: 21
Info (12021): Found 1 design units, including 1 entities, in source file comparator.sv
    Info (12023): Found entity 1: comparator File: C:/ee271/lab8/Lab1_files/comparator.sv Line: 1
Info (12021): Found 1 design units, including 1 entities, in source file led_matrix_driver.sv
    Info (12023): Found entity 1: led_matrix_driver File: C:/ee271/lab8/Lab1_files/led_matrix_driver.sv Line: 1
Info (12021): Found 2 design units, including 2 entities, in source file cells.sv
    Info (12023): Found entity 1: cells File: C:/ee271/lab8/Lab1_files/cells.sv Line: 1
    Info (12023): Found entity 2: cells_testbench File: C:/ee271/lab8/Lab1_files/cells.sv Line: 51
Info (12021): Found 2 design units, including 2 entities, in source file initialize.sv
    Info (12023): Found entity 1: initialize File: C:/ee271/lab8/Lab1_files/initialize.sv Line: 1
    Info (12023): Found entity 2: initialize_testbench File: C:/ee271/lab8/Lab1_files/initialize.sv Line: 148
Info (12021): Found 1 design units, including 1 entities, in source file decoder.sv
    Info (12023): Found entity 1: decoder File: C:/ee271/lab8/Lab1_files/decoder.sv Line: 1
Critical Warning (10846): Verilog HDL Instantiation warning at DE1_SoC.sv(32): instance has no name File: C:/ee271/lab8/Lab1_files/DE1_SoC.sv Line: 32
Info (12127): Elaborating entity "DE1_SoC" for the top level hierarchy
Info (12128): Elaborating entity "led_matrix_driver" for hierarchy "led_matrix_driver:led" File: C:/ee271/lab8/Lab1_files/DE1_SoC.sv Line: 13
Info (12128): Elaborating entity "clock_divider" for hierarchy "clock_divider:comb_109" File: C:/ee271/lab8/Lab1_files/DE1_SoC.sv Line: 32
Info (12128): Elaborating entity "initialize" for hierarchy "initialize:ini" File: C:/ee271/lab8/Lab1_files/DE1_SoC.sv Line: 34
Info (12128): Elaborating entity "userinput" for hierarchy "initialize:ini|userinput:one" File: C:/ee271/lab8/Lab1_files/initialize.sv Line: 16
Info (12128): Elaborating entity "cells" for hierarchy "cells:cell00" File: C:/ee271/lab8/Lab1_files/DE1_SoC.sv Line: 36
Warning (10230): Verilog HDL assignment warning at cells.sv(31): truncated value with size 32 to match size of target (1) File: C:/ee271/lab8/Lab1_files/cells.sv Line: 31
Info (286030): Timing-Driven Synthesis is running
Info (17049): 8 registers lost all their fanouts during netlist optimizations.
Info (144001): Generated suppressed messages file C:/ee271/lab8/Lab1_files/output_files/DE1_SoC.map.smsg
Info (16010): Generating hard_block partition "hard_block:auto_generated_inst"
    Info (16011): Adding 0 node(s), including 0 DDIO, 0 PLL, 0 transceiver and 0 LCELL
Info (21057): Implemented 611 device resources after synthesis - the final resource count might be different
    Info (21058): Implemented 15 input pins
    Info (21059): Implemented 88 output pins
    Info (21061): Implemented 508 logic cells
Info: Quartus Prime Analysis & Synthesis was successful. 0 errors, 2 warnings
    Info: Peak virtual memory: 4854 megabytes
    Info: Processing ended: Tue Mar 19 15:03:57 2019
    Info: Elapsed time: 00:00:21
    Info: Total CPU time (on all processors): 00:00:43


+------------------------------------------+
; Analysis & Synthesis Suppressed Messages ;
+------------------------------------------+
The suppressed messages can be found in C:/ee271/lab8/Lab1_files/output_files/DE1_SoC.map.smsg.


